16:53:47.716 logback [main] INFO  com.conpany.project.DemoTest - Starting DemoTest on java01 with PID 5736 (started by Administrator in D:\workspace\ddy_tunnel\trunk\demo\tunnel_app)
16:53:47.717 logback [main] INFO  com.conpany.project.DemoTest - The following profiles are active: dev
16:53:47.765 logback [main] INFO  o.s.w.c.s.GenericWebApplicationContext - Refreshing org.springframework.web.context.support.GenericWebApplicationContext@293bb8a5: startup date [Mon Jan 13 16:53:47 CST 2020]; root of context hierarchy
16:53:48.162 logback [background-preinit] INFO  o.h.validator.internal.util.Version - HV000001: Hibernate Validator 5.3.6.Final
16:53:49.083 logback [main] INFO  o.s.d.r.c.RepositoryConfigurationDelegate - Multiple Spring Data modules found, entering strict repository configuration mode!
16:53:49.427 logback [main] WARN  o.s.c.a.ConfigurationClassPostProcessor - Cannot enhance @Configuration bean definition 'mybatisConfigurer' since its singleton instance has been created too early. The typical cause is a non-static @Bean method with a BeanDefinitionRegistryPostProcessor return type: Consider declaring such methods as 'static'.
16:53:49.875 logback [main] INFO  o.s.c.s.PostProcessorRegistrationDelegate$BeanPostProcessorChecker - Bean 'org.springframework.transaction.annotation.ProxyTransactionManagementConfiguration' of type [org.springframework.transaction.annotation.ProxyTransactionManagementConfiguration$$EnhancerBySpringCGLIB$$cc237aff] is not eligible for getting processed by all BeanPostProcessors (for example: not eligible for auto-proxying)
16:53:50.217 logback [main] INFO  c.a.d.s.b.a.DruidDataSourceAutoConfigure - Init DruidDataSource
16:53:50.984 logback [main] INFO  c.alibaba.druid.pool.DruidDataSource - {dataSource-1} inited
16:53:53.500 logback [main] INFO  o.s.w.s.m.m.a.RequestMappingHandlerMapping - Mapped "{[/app/fault/plan/list],methods=[POST]}" onto public com.company.project.core.Result com.company.project.module.app.web.AppFaultController.list(com.company.project.core.model.QueryRequest,javax.servlet.http.HttpSession)
16:53:53.501 logback [main] INFO  o.s.w.s.m.m.a.RequestMappingHandlerMapping - Mapped "{[/app/fault/plan/uploadByPlan],methods=[POST]}" onto public com.company.project.core.Result com.company.project.module.app.web.AppFaultController.uploadByPlan(com.company.project.core.model.QueryRequest,javax.servlet.http.HttpSession)
16:53:53.502 logback [main] INFO  o.s.w.s.m.m.a.RequestMappingHandlerMapping - Mapped "{[/app/fault/plan/receivePlanStatus],methods=[POST]}" onto public com.company.project.core.Result com.company.project.module.app.web.AppFaultController.receivePlan(com.company.project.core.model.QueryRequest,javax.servlet.http.HttpSession)
16:53:53.503 logback [main] INFO  o.s.w.s.m.m.a.RequestMappingHandlerMapping - Mapped "{[/app/fault/plan/oldUploadByFault],methods=[POST]}" onto public com.company.project.core.Result com.company.project.module.app.web.AppFaultController.oldUploadByFault(com.company.project.core.model.QueryRequest,javax.servlet.http.HttpSession)
16:53:53.503 logback [main] INFO  o.s.w.s.m.m.a.RequestMappingHandlerMapping - Mapped "{[/app/fault/plan/oldUploadByPlan],methods=[POST]}" onto public com.company.project.core.Result com.company.project.module.app.web.AppFaultController.oldUploadByPlan(com.company.project.core.model.QueryRequest,javax.servlet.http.HttpSession)
16:53:53.504 logback [main] INFO  o.s.w.s.m.m.a.RequestMappingHandlerMapping - Mapped "{[/app/fault/plan/uploadByFault],methods=[POST]}" onto public com.company.project.core.Result com.company.project.module.app.web.AppFaultController.uploadByFault(com.company.project.core.model.QueryRequest,javax.servlet.http.HttpSession)
16:53:53.504 logback [main] INFO  o.s.w.s.m.m.a.RequestMappingHandlerMapping - Mapped "{[/app/fault/plan/getXfPlan],methods=[POST]}" onto public com.company.project.core.Result com.company.project.module.app.web.AppFaultController.getXfPlan(com.company.project.core.model.QueryRequest,javax.servlet.http.HttpSession)
16:53:53.505 logback [main] INFO  o.s.w.s.m.m.a.RequestMappingHandlerMapping - Mapped "{[/app/fault/plan/getPlanDetailByUuid],methods=[POST]}" onto public com.company.project.core.Result com.company.project.module.app.web.AppFaultController.getPlanDetailByUuid(com.company.project.core.model.QueryRequest,javax.servlet.http.HttpSession)
16:53:53.508 logback [main] INFO  o.s.w.s.m.m.a.RequestMappingHandlerMapping - Mapped "{[/module/app/file/base64Upload],methods=[POST]}" onto public com.company.project.core.Result com.company.project.module.app.web.AppFileController.base64Upload(java.util.Map)
16:53:53.509 logback [main] INFO  o.s.w.s.m.m.a.RequestMappingHandlerMapping - Mapped "{[/module/app/file/downfile],methods=[GET]}" onto public void com.company.project.module.app.web.AppFileController.downFile(java.lang.String,javax.servlet.http.HttpServletRequest,javax.servlet.http.HttpServletResponse) throws java.io.UnsupportedEncodingException,java.net.MalformedURLException
16:53:53.509 logback [main] INFO  o.s.w.s.m.m.a.RequestMappingHandlerMapping - Mapped "{[/module/app/file/upload],methods=[POST]}" onto public com.company.project.core.Result com.company.project.module.app.web.AppFileController.Fileupload(org.springframework.web.multipart.MultipartFile,java.lang.String)
16:53:53.511 logback [main] INFO  o.s.w.s.m.m.a.RequestMappingHandlerMapping - Mapped "{[/app/info/getVersion],methods=[POST]}" onto public com.company.project.core.Result com.company.project.module.app.web.AppInfoController.getVersion(com.company.project.core.model.QueryRequest,javax.servlet.http.HttpSession)
16:53:53.512 logback [main] INFO  o.s.w.s.m.m.a.RequestMappingHandlerMapping - Mapped "{[/app/info/dict],methods=[POST]}" onto public com.company.project.core.Result com.company.project.module.app.web.AppInfoController.getDict(com.company.project.core.model.QueryRequest)
16:53:53.513 logback [main] INFO  o.s.w.s.m.m.a.RequestMappingHandlerMapping - Mapped "{[/app/info/getBaseInfo],methods=[POST]}" onto public com.company.project.core.Result com.company.project.module.app.web.AppInfoController.getBaseInfo(com.company.project.core.model.QueryRequest)
16:53:53.514 logback [main] INFO  o.s.w.s.m.m.a.RequestMappingHandlerMapping - Mapped "{[/app/info/getDeviceInfo],methods=[POST]}" onto public com.company.project.core.Result com.company.project.module.app.web.AppInfoController.getDeviceInfo()
16:53:53.518 logback [main] INFO  o.s.w.s.m.m.a.RequestMappingHandlerMapping - Mapped "{[/app/changePassword],methods=[POST]}" onto public com.company.project.core.Result com.company.project.module.app.web.AppLoginController.changePassword(java.lang.String,java.lang.String,javax.servlet.http.HttpServletRequest)
16:53:53.520 logback [main] INFO  o.s.w.s.m.m.a.RequestMappingHandlerMapping - Mapped "{[/app/logout],methods=[POST]}" onto public com.company.project.core.Result com.company.project.module.app.web.AppLoginController.logout(javax.servlet.http.HttpSession)
16:53:53.521 logback [main] INFO  o.s.w.s.m.m.a.RequestMappingHandlerMapping - Mapped "{[/app/loginVerify],methods=[POST]}" onto public com.company.project.core.Result com.company.project.module.app.web.AppLoginController.isLogin(java.lang.String,java.lang.String,javax.servlet.http.HttpSession)
16:53:53.525 logback [main] INFO  o.s.w.s.m.m.a.RequestMappingHandlerMapping - Mapped "{[/swagger-resources]}" onto public org.springframework.http.ResponseEntity<java.util.List<springfox.documentation.swagger.web.SwaggerResource>> springfox.documentation.swagger.web.ApiResourceController.swaggerResources()
16:53:53.525 logback [main] INFO  o.s.w.s.m.m.a.RequestMappingHandlerMapping - Mapped "{[/swagger-resources/configuration/ui]}" onto public org.springframework.http.ResponseEntity<springfox.documentation.swagger.web.UiConfiguration> springfox.documentation.swagger.web.ApiResourceController.uiConfiguration()
16:53:53.525 logback [main] INFO  o.s.w.s.m.m.a.RequestMappingHandlerMapping - Mapped "{[/swagger-resources/configuration/security]}" onto public org.springframework.http.ResponseEntity<springfox.documentation.swagger.web.SecurityConfiguration> springfox.documentation.swagger.web.ApiResourceController.securityConfiguration()
16:53:53.531 logback [main] INFO  o.s.w.s.m.m.a.RequestMappingHandlerMapping - Mapped "{[/error]}" onto public org.springframework.http.ResponseEntity<java.util.Map<java.lang.String, java.lang.Object>> org.springframework.boot.autoconfigure.web.BasicErrorController.error(javax.servlet.http.HttpServletRequest)
16:53:53.532 logback [main] INFO  o.s.w.s.m.m.a.RequestMappingHandlerMapping - Mapped "{[/error],produces=[text/html]}" onto public org.springframework.web.servlet.ModelAndView org.springframework.boot.autoconfigure.web.BasicErrorController.errorHtml(javax.servlet.http.HttpServletRequest,javax.servlet.http.HttpServletResponse)
16:53:53.852 logback [main] INFO  s.d.s.w.PropertySourcedRequestMappingHandlerMapping - Mapped URL path [/v2/api-docs] onto method [public org.springframework.http.ResponseEntity<springfox.documentation.spring.web.json.Json> springfox.documentation.swagger2.web.Swagger2Controller.getDocumentation(java.lang.String,javax.servlet.http.HttpServletRequest)]
16:53:55.452 logback [main] INFO  o.s.w.s.m.m.a.RequestMappingHandlerAdapter - Looking for @ControllerAdvice: org.springframework.web.context.support.GenericWebApplicationContext@293bb8a5: startup date [Mon Jan 13 16:53:47 CST 2020]; root of context hierarchy
16:53:55.563 logback [main] INFO  o.s.w.s.h.SimpleUrlHandlerMapping - Mapped URL path [/static/**] onto handler of type [class org.springframework.web.servlet.resource.ResourceHttpRequestHandler]
16:53:55.563 logback [main] INFO  o.s.w.s.h.SimpleUrlHandlerMapping - Mapped URL path [/swagger-ui.html] onto handler of type [class org.springframework.web.servlet.resource.ResourceHttpRequestHandler]
16:53:55.563 logback [main] INFO  o.s.w.s.h.SimpleUrlHandlerMapping - Mapped URL path [/webjars/**] onto handler of type [class org.springframework.web.servlet.resource.ResourceHttpRequestHandler]
16:53:55.627 logback [main] INFO  o.s.w.s.h.SimpleUrlHandlerMapping - Mapped URL path [/**/favicon.ico] onto handler of type [class org.springframework.web.servlet.resource.ResourceHttpRequestHandler]
16:53:56.838 logback [main] INFO  o.s.c.s.DefaultLifecycleProcessor - Starting beans in phase 2147483647
16:53:56.839 logback [main] INFO  s.d.s.w.p.DocumentationPluginsBootstrapper - Context refreshed
16:53:56.875 logback [main] INFO  s.d.s.w.p.DocumentationPluginsBootstrapper - Found 1 custom documentation plugin(s)
16:53:56.917 logback [main] INFO  s.d.s.w.s.ApiListingReferenceScanner - Scanning for api listing references
16:53:57.266 logback [main] INFO  com.conpany.project.DemoTest - Started DemoTest in 10.411 seconds (JVM running for 11.966)
16:53:57.590 logback [main] INFO  o.s.t.c.t.TransactionContext - Began transaction (1) for test context [DefaultTestContext@35aea049 testClass = DemoTest, testInstance = com.conpany.project.DemoTest@41935a9d, testMethod = fun1@DemoTest, testException = [null], mergedContextConfiguration = [WebMergedContextConfiguration@7205765b testClass = DemoTest, locations = '{}', classes = '{class com.company.project.TunnelAppApplication, class com.company.project.TunnelAppApplication}', contextInitializerClasses = '[]', activeProfiles = '{}', propertySourceLocations = '{}', propertySourceProperties = '{org.springframework.boot.test.context.SpringBootTestContextBootstrapper=true}', contextCustomizers = set[org.springframework.boot.test.context.SpringBootTestContextCustomizer@323b36e0, org.springframework.boot.test.context.filter.ExcludeFilterContextCustomizer@2e005c4b, org.springframework.boot.test.json.DuplicateJsonObjectContextCustomizerFactory$DuplicateJsonObjectContextCustomizer@6356695f, org.springframework.boot.test.mock.mockito.MockitoContextCustomizer@0, org.springframework.boot.test.autoconfigure.properties.PropertyMappingContextCustomizer@0, org.springframework.boot.test.autoconfigure.web.servlet.WebDriverContextCustomizerFactory$Customizer@3febb011], resourceBasePath = 'src/main/webapp', contextLoader = 'org.springframework.boot.test.context.SpringBootContextLoader', parent = [null]]]; transaction manager [org.springframework.jdbc.datasource.DataSourceTransactionManager@1b08d26f]; rollback [false]
16:54:24.414 logback [main] WARN  o.s.test.context.TestContextManager - Caught exception while allowing TestExecutionListener [org.springframework.test.context.transaction.TransactionalTestExecutionListener@5f9b2141] to process 'after' execution for test: method [public void com.conpany.project.DemoTest.fun1()], instance [com.conpany.project.DemoTest@41935a9d], exception [java.lang.NullPointerException]
org.springframework.transaction.UnexpectedRollbackException: Transaction rolled back because it has been marked as rollback-only
	at org.springframework.transaction.support.AbstractPlatformTransactionManager.commit(AbstractPlatformTransactionManager.java:728)
	at org.springframework.test.context.transaction.TransactionContext.endTransaction(TransactionContext.java:132)
	at org.springframework.test.context.transaction.TransactionalTestExecutionListener.afterTestMethod(TransactionalTestExecutionListener.java:224)
	at org.springframework.test.context.TestContextManager.afterTestMethod(TestContextManager.java:319)
	at org.springframework.test.context.junit4.statements.RunAfterTestMethodCallbacks.evaluate(RunAfterTestMethodCallbacks.java:94)
	at org.springframework.test.context.junit4.statements.SpringRepeat.evaluate(SpringRepeat.java:84)
	at org.junit.runners.ParentRunner.runLeaf(ParentRunner.java:325)
	at org.springframework.test.context.junit4.SpringJUnit4ClassRunner.runChild(SpringJUnit4ClassRunner.java:252)
	at org.springframework.test.context.junit4.SpringJUnit4ClassRunner.runChild(SpringJUnit4ClassRunner.java:94)
	at org.junit.runners.ParentRunner$3.run(ParentRunner.java:290)
	at org.junit.runners.ParentRunner$1.schedule(ParentRunner.java:71)
	at org.junit.runners.ParentRunner.runChildren(ParentRunner.java:288)
	at org.junit.runners.ParentRunner.access$000(ParentRunner.java:58)
	at org.junit.runners.ParentRunner$2.evaluate(ParentRunner.java:268)
	at org.springframework.test.context.junit4.statements.RunBeforeTestClassCallbacks.evaluate(RunBeforeTestClassCallbacks.java:61)
	at org.springframework.test.context.junit4.statements.RunAfterTestClassCallbacks.evaluate(RunAfterTestClassCallbacks.java:70)
	at org.junit.runners.ParentRunner.run(ParentRunner.java:363)
	at org.springframework.test.context.junit4.SpringJUnit4ClassRunner.run(SpringJUnit4ClassRunner.java:191)
	at org.junit.runner.JUnitCore.run(JUnitCore.java:137)
	at com.intellij.junit4.JUnit4IdeaTestRunner.startRunnerWithArgs(JUnit4IdeaTestRunner.java:68)
	at com.intellij.rt.execution.junit.IdeaTestRunner$Repeater.startRunnerWithArgs(IdeaTestRunner.java:47)
	at com.intellij.rt.execution.junit.JUnitStarter.prepareStreamsAndStart(JUnitStarter.java:242)
	at com.intellij.rt.execution.junit.JUnitStarter.main(JUnitStarter.java:70)
16:54:24.424 logback [Thread-2] INFO  o.s.w.c.s.GenericWebApplicationContext - Closing org.springframework.web.context.support.GenericWebApplicationContext@293bb8a5: startup date [Mon Jan 13 16:53:47 CST 2020]; root of context hierarchy
16:54:24.427 logback [Thread-2] INFO  o.s.c.s.DefaultLifecycleProcessor - Stopping beans in phase 2147483647
16:54:24.437 logback [Thread-2] INFO  c.alibaba.druid.pool.DruidDataSource - {dataSource-1} closed
16:55:20.194 logback [main] INFO  com.conpany.project.DemoTest - Starting DemoTest on java01 with PID 3040 (started by Administrator in D:\workspace\ddy_tunnel\trunk\demo\tunnel_app)
16:55:20.195 logback [main] INFO  com.conpany.project.DemoTest - The following profiles are active: dev
16:55:20.244 logback [main] INFO  o.s.w.c.s.GenericWebApplicationContext - Refreshing org.springframework.web.context.support.GenericWebApplicationContext@293bb8a5: startup date [Mon Jan 13 16:55:20 CST 2020]; root of context hierarchy
16:55:20.601 logback [background-preinit] INFO  o.h.validator.internal.util.Version - HV000001: Hibernate Validator 5.3.6.Final
16:55:21.573 logback [main] INFO  o.s.d.r.c.RepositoryConfigurationDelegate - Multiple Spring Data modules found, entering strict repository configuration mode!
16:55:21.836 logback [main] WARN  o.s.c.a.ConfigurationClassPostProcessor - Cannot enhance @Configuration bean definition 'mybatisConfigurer' since its singleton instance has been created too early. The typical cause is a non-static @Bean method with a BeanDefinitionRegistryPostProcessor return type: Consider declaring such methods as 'static'.
16:55:22.313 logback [main] INFO  o.s.c.s.PostProcessorRegistrationDelegate$BeanPostProcessorChecker - Bean 'org.springframework.transaction.annotation.ProxyTransactionManagementConfiguration' of type [org.springframework.transaction.annotation.ProxyTransactionManagementConfiguration$$EnhancerBySpringCGLIB$$597e588] is not eligible for getting processed by all BeanPostProcessors (for example: not eligible for auto-proxying)
16:55:22.667 logback [main] INFO  c.a.d.s.b.a.DruidDataSourceAutoConfigure - Init DruidDataSource
16:55:23.606 logback [main] INFO  c.alibaba.druid.pool.DruidDataSource - {dataSource-1} inited
16:55:25.501 logback [main] INFO  o.s.w.s.m.m.a.RequestMappingHandlerMapping - Mapped "{[/app/fault/plan/list],methods=[POST]}" onto public com.company.project.core.Result com.company.project.module.app.web.AppFaultController.list(com.company.project.core.model.QueryRequest,javax.servlet.http.HttpSession)
16:55:25.503 logback [main] INFO  o.s.w.s.m.m.a.RequestMappingHandlerMapping - Mapped "{[/app/fault/plan/getPlanDetailByUuid],methods=[POST]}" onto public com.company.project.core.Result com.company.project.module.app.web.AppFaultController.getPlanDetailByUuid(com.company.project.core.model.QueryRequest,javax.servlet.http.HttpSession)
16:55:25.504 logback [main] INFO  o.s.w.s.m.m.a.RequestMappingHandlerMapping - Mapped "{[/app/fault/plan/getXfPlan],methods=[POST]}" onto public com.company.project.core.Result com.company.project.module.app.web.AppFaultController.getXfPlan(com.company.project.core.model.QueryRequest,javax.servlet.http.HttpSession)
16:55:25.504 logback [main] INFO  o.s.w.s.m.m.a.RequestMappingHandlerMapping - Mapped "{[/app/fault/plan/uploadByPlan],methods=[POST]}" onto public com.company.project.core.Result com.company.project.module.app.web.AppFaultController.uploadByPlan(com.company.project.core.model.QueryRequest,javax.servlet.http.HttpSession)
16:55:25.505 logback [main] INFO  o.s.w.s.m.m.a.RequestMappingHandlerMapping - Mapped "{[/app/fault/plan/uploadByFault],methods=[POST]}" onto public com.company.project.core.Result com.company.project.module.app.web.AppFaultController.uploadByFault(com.company.project.core.model.QueryRequest,javax.servlet.http.HttpSession)
16:55:25.506 logback [main] INFO  o.s.w.s.m.m.a.RequestMappingHandlerMapping - Mapped "{[/app/fault/plan/oldUploadByPlan],methods=[POST]}" onto public com.company.project.core.Result com.company.project.module.app.web.AppFaultController.oldUploadByPlan(com.company.project.core.model.QueryRequest,javax.servlet.http.HttpSession)
16:55:25.506 logback [main] INFO  o.s.w.s.m.m.a.RequestMappingHandlerMapping - Mapped "{[/app/fault/plan/receivePlanStatus],methods=[POST]}" onto public com.company.project.core.Result com.company.project.module.app.web.AppFaultController.receivePlan(com.company.project.core.model.QueryRequest,javax.servlet.http.HttpSession)
16:55:25.507 logback [main] INFO  o.s.w.s.m.m.a.RequestMappingHandlerMapping - Mapped "{[/app/fault/plan/oldUploadByFault],methods=[POST]}" onto public com.company.project.core.Result com.company.project.module.app.web.AppFaultController.oldUploadByFault(com.company.project.core.model.QueryRequest,javax.servlet.http.HttpSession)
16:55:25.509 logback [main] INFO  o.s.w.s.m.m.a.RequestMappingHandlerMapping - Mapped "{[/module/app/file/upload],methods=[POST]}" onto public com.company.project.core.Result com.company.project.module.app.web.AppFileController.Fileupload(org.springframework.web.multipart.MultipartFile,java.lang.String)
16:55:25.510 logback [main] INFO  o.s.w.s.m.m.a.RequestMappingHandlerMapping - Mapped "{[/module/app/file/downfile],methods=[GET]}" onto public void com.company.project.module.app.web.AppFileController.downFile(java.lang.String,javax.servlet.http.HttpServletRequest,javax.servlet.http.HttpServletResponse) throws java.io.UnsupportedEncodingException,java.net.MalformedURLException
16:55:25.520 logback [main] INFO  o.s.w.s.m.m.a.RequestMappingHandlerMapping - Mapped "{[/module/app/file/base64Upload],methods=[POST]}" onto public com.company.project.core.Result com.company.project.module.app.web.AppFileController.base64Upload(java.util.Map)
16:55:25.522 logback [main] INFO  o.s.w.s.m.m.a.RequestMappingHandlerMapping - Mapped "{[/app/info/getVersion],methods=[POST]}" onto public com.company.project.core.Result com.company.project.module.app.web.AppInfoController.getVersion(com.company.project.core.model.QueryRequest,javax.servlet.http.HttpSession)
16:55:25.523 logback [main] INFO  o.s.w.s.m.m.a.RequestMappingHandlerMapping - Mapped "{[/app/info/getBaseInfo],methods=[POST]}" onto public com.company.project.core.Result com.company.project.module.app.web.AppInfoController.getBaseInfo(com.company.project.core.model.QueryRequest)
16:55:25.523 logback [main] INFO  o.s.w.s.m.m.a.RequestMappingHandlerMapping - Mapped "{[/app/info/getDeviceInfo],methods=[POST]}" onto public com.company.project.core.Result com.company.project.module.app.web.AppInfoController.getDeviceInfo()
16:55:25.524 logback [main] INFO  o.s.w.s.m.m.a.RequestMappingHandlerMapping - Mapped "{[/app/info/dict],methods=[POST]}" onto public com.company.project.core.Result com.company.project.module.app.web.AppInfoController.getDict(com.company.project.core.model.QueryRequest)
16:55:25.529 logback [main] INFO  o.s.w.s.m.m.a.RequestMappingHandlerMapping - Mapped "{[/app/changePassword],methods=[POST]}" onto public com.company.project.core.Result com.company.project.module.app.web.AppLoginController.changePassword(java.lang.String,java.lang.String,javax.servlet.http.HttpServletRequest)
16:55:25.532 logback [main] INFO  o.s.w.s.m.m.a.RequestMappingHandlerMapping - Mapped "{[/app/loginVerify],methods=[POST]}" onto public com.company.project.core.Result com.company.project.module.app.web.AppLoginController.isLogin(java.lang.String,java.lang.String,javax.servlet.http.HttpSession)
16:55:25.533 logback [main] INFO  o.s.w.s.m.m.a.RequestMappingHandlerMapping - Mapped "{[/app/logout],methods=[POST]}" onto public com.company.project.core.Result com.company.project.module.app.web.AppLoginController.logout(javax.servlet.http.HttpSession)
16:55:25.537 logback [main] INFO  o.s.w.s.m.m.a.RequestMappingHandlerMapping - Mapped "{[/swagger-resources/configuration/security]}" onto public org.springframework.http.ResponseEntity<springfox.documentation.swagger.web.SecurityConfiguration> springfox.documentation.swagger.web.ApiResourceController.securityConfiguration()
16:55:25.538 logback [main] INFO  o.s.w.s.m.m.a.RequestMappingHandlerMapping - Mapped "{[/swagger-resources/configuration/ui]}" onto public org.springframework.http.ResponseEntity<springfox.documentation.swagger.web.UiConfiguration> springfox.documentation.swagger.web.ApiResourceController.uiConfiguration()
16:55:25.539 logback [main] INFO  o.s.w.s.m.m.a.RequestMappingHandlerMapping - Mapped "{[/swagger-resources]}" onto public org.springframework.http.ResponseEntity<java.util.List<springfox.documentation.swagger.web.SwaggerResource>> springfox.documentation.swagger.web.ApiResourceController.swaggerResources()
16:55:25.544 logback [main] INFO  o.s.w.s.m.m.a.RequestMappingHandlerMapping - Mapped "{[/error]}" onto public org.springframework.http.ResponseEntity<java.util.Map<java.lang.String, java.lang.Object>> org.springframework.boot.autoconfigure.web.BasicErrorController.error(javax.servlet.http.HttpServletRequest)
16:55:25.545 logback [main] INFO  o.s.w.s.m.m.a.RequestMappingHandlerMapping - Mapped "{[/error],produces=[text/html]}" onto public org.springframework.web.servlet.ModelAndView org.springframework.boot.autoconfigure.web.BasicErrorController.errorHtml(javax.servlet.http.HttpServletRequest,javax.servlet.http.HttpServletResponse)
16:55:25.897 logback [main] INFO  s.d.s.w.PropertySourcedRequestMappingHandlerMapping - Mapped URL path [/v2/api-docs] onto method [public org.springframework.http.ResponseEntity<springfox.documentation.spring.web.json.Json> springfox.documentation.swagger2.web.Swagger2Controller.getDocumentation(java.lang.String,javax.servlet.http.HttpServletRequest)]
16:55:26.580 logback [main] INFO  o.s.w.s.m.m.a.RequestMappingHandlerAdapter - Looking for @ControllerAdvice: org.springframework.web.context.support.GenericWebApplicationContext@293bb8a5: startup date [Mon Jan 13 16:55:20 CST 2020]; root of context hierarchy
16:55:26.661 logback [main] INFO  o.s.w.s.h.SimpleUrlHandlerMapping - Mapped URL path [/static/**] onto handler of type [class org.springframework.web.servlet.resource.ResourceHttpRequestHandler]
16:55:26.661 logback [main] INFO  o.s.w.s.h.SimpleUrlHandlerMapping - Mapped URL path [/swagger-ui.html] onto handler of type [class org.springframework.web.servlet.resource.ResourceHttpRequestHandler]
16:55:26.661 logback [main] INFO  o.s.w.s.h.SimpleUrlHandlerMapping - Mapped URL path [/webjars/**] onto handler of type [class org.springframework.web.servlet.resource.ResourceHttpRequestHandler]
16:55:26.710 logback [main] INFO  o.s.w.s.h.SimpleUrlHandlerMapping - Mapped URL path [/**/favicon.ico] onto handler of type [class org.springframework.web.servlet.resource.ResourceHttpRequestHandler]
16:55:27.747 logback [main] INFO  o.s.c.s.DefaultLifecycleProcessor - Starting beans in phase 2147483647
16:55:27.748 logback [main] INFO  s.d.s.w.p.DocumentationPluginsBootstrapper - Context refreshed
16:55:27.787 logback [main] INFO  s.d.s.w.p.DocumentationPluginsBootstrapper - Found 1 custom documentation plugin(s)
16:55:27.834 logback [main] INFO  s.d.s.w.s.ApiListingReferenceScanner - Scanning for api listing references
16:55:28.171 logback [main] INFO  com.conpany.project.DemoTest - Started DemoTest in 9.002 seconds (JVM running for 11.583)
16:55:28.486 logback [main] INFO  o.s.t.c.t.TransactionContext - Began transaction (1) for test context [DefaultTestContext@35aea049 testClass = DemoTest, testInstance = com.conpany.project.DemoTest@4198921f, testMethod = fun1@DemoTest, testException = [null], mergedContextConfiguration = [WebMergedContextConfiguration@7205765b testClass = DemoTest, locations = '{}', classes = '{class com.company.project.TunnelAppApplication, class com.company.project.TunnelAppApplication}', contextInitializerClasses = '[]', activeProfiles = '{}', propertySourceLocations = '{}', propertySourceProperties = '{org.springframework.boot.test.context.SpringBootTestContextBootstrapper=true}', contextCustomizers = set[org.springframework.boot.test.context.SpringBootTestContextCustomizer@323b36e0, org.springframework.boot.test.context.filter.ExcludeFilterContextCustomizer@2e005c4b, org.springframework.boot.test.json.DuplicateJsonObjectContextCustomizerFactory$DuplicateJsonObjectContextCustomizer@6356695f, org.springframework.boot.test.mock.mockito.MockitoContextCustomizer@0, org.springframework.boot.test.autoconfigure.properties.PropertyMappingContextCustomizer@0, org.springframework.boot.test.autoconfigure.web.servlet.WebDriverContextCustomizerFactory$Customizer@3febb011], resourceBasePath = 'src/main/webapp', contextLoader = 'org.springframework.boot.test.context.SpringBootContextLoader', parent = [null]]]; transaction manager [org.springframework.jdbc.datasource.DataSourceTransactionManager@44181746]; rollback [false]
16:58:20.360 logback [Thread-2] INFO  o.s.w.c.s.GenericWebApplicationContext - Closing org.springframework.web.context.support.GenericWebApplicationContext@293bb8a5: startup date [Mon Jan 13 16:55:20 CST 2020]; root of context hierarchy
16:58:20.368 logback [Thread-2] INFO  o.s.c.s.DefaultLifecycleProcessor - Stopping beans in phase 2147483647
16:58:20.475 logback [Thread-2] INFO  c.alibaba.druid.pool.DruidDataSource - {dataSource-1} closed
16:58:30.611 logback [main] INFO  com.conpany.project.DemoTest - Starting DemoTest on java01 with PID 9240 (started by Administrator in D:\workspace\ddy_tunnel\trunk\demo\tunnel_app)
16:58:30.612 logback [main] INFO  com.conpany.project.DemoTest - The following profiles are active: dev
16:58:30.652 logback [main] INFO  o.s.w.c.s.GenericWebApplicationContext - Refreshing org.springframework.web.context.support.GenericWebApplicationContext@293bb8a5: startup date [Mon Jan 13 16:58:30 CST 2020]; root of context hierarchy
16:58:30.998 logback [background-preinit] INFO  o.h.validator.internal.util.Version - HV000001: Hibernate Validator 5.3.6.Final
16:58:31.880 logback [main] INFO  o.s.d.r.c.RepositoryConfigurationDelegate - Multiple Spring Data modules found, entering strict repository configuration mode!
16:58:32.145 logback [main] WARN  o.s.c.a.ConfigurationClassPostProcessor - Cannot enhance @Configuration bean definition 'mybatisConfigurer' since its singleton instance has been created too early. The typical cause is a non-static @Bean method with a BeanDefinitionRegistryPostProcessor return type: Consider declaring such methods as 'static'.
16:58:32.644 logback [main] INFO  o.s.c.s.PostProcessorRegistrationDelegate$BeanPostProcessorChecker - Bean 'org.springframework.transaction.annotation.ProxyTransactionManagementConfiguration' of type [org.springframework.transaction.annotation.ProxyTransactionManagementConfiguration$$EnhancerBySpringCGLIB$$1528d34] is not eligible for getting processed by all BeanPostProcessors (for example: not eligible for auto-proxying)
16:58:33.039 logback [main] INFO  c.a.d.s.b.a.DruidDataSourceAutoConfigure - Init DruidDataSource
16:58:33.882 logback [main] INFO  c.alibaba.druid.pool.DruidDataSource - {dataSource-1} inited
16:58:35.703 logback [main] INFO  o.s.w.s.m.m.a.RequestMappingHandlerMapping - Mapped "{[/app/fault/plan/list],methods=[POST]}" onto public com.company.project.core.Result com.company.project.module.app.web.AppFaultController.list(com.company.project.core.model.QueryRequest,javax.servlet.http.HttpSession)
16:58:35.705 logback [main] INFO  o.s.w.s.m.m.a.RequestMappingHandlerMapping - Mapped "{[/app/fault/plan/getPlanDetailByUuid],methods=[POST]}" onto public com.company.project.core.Result com.company.project.module.app.web.AppFaultController.getPlanDetailByUuid(com.company.project.core.model.QueryRequest,javax.servlet.http.HttpSession)
16:58:35.706 logback [main] INFO  o.s.w.s.m.m.a.RequestMappingHandlerMapping - Mapped "{[/app/fault/plan/oldUploadByFault],methods=[POST]}" onto public com.company.project.core.Result com.company.project.module.app.web.AppFaultController.oldUploadByFault(com.company.project.core.model.QueryRequest,javax.servlet.http.HttpSession)
16:58:35.707 logback [main] INFO  o.s.w.s.m.m.a.RequestMappingHandlerMapping - Mapped "{[/app/fault/plan/getXfPlan],methods=[POST]}" onto public com.company.project.core.Result com.company.project.module.app.web.AppFaultController.getXfPlan(com.company.project.core.model.QueryRequest,javax.servlet.http.HttpSession)
16:58:35.708 logback [main] INFO  o.s.w.s.m.m.a.RequestMappingHandlerMapping - Mapped "{[/app/fault/plan/receivePlanStatus],methods=[POST]}" onto public com.company.project.core.Result com.company.project.module.app.web.AppFaultController.receivePlan(com.company.project.core.model.QueryRequest,javax.servlet.http.HttpSession)
16:58:35.713 logback [main] INFO  o.s.w.s.m.m.a.RequestMappingHandlerMapping - Mapped "{[/app/fault/plan/uploadByPlan],methods=[POST]}" onto public com.company.project.core.Result com.company.project.module.app.web.AppFaultController.uploadByPlan(com.company.project.core.model.QueryRequest,javax.servlet.http.HttpSession)
16:58:35.715 logback [main] INFO  o.s.w.s.m.m.a.RequestMappingHandlerMapping - Mapped "{[/app/fault/plan/oldUploadByPlan],methods=[POST]}" onto public com.company.project.core.Result com.company.project.module.app.web.AppFaultController.oldUploadByPlan(com.company.project.core.model.QueryRequest,javax.servlet.http.HttpSession)
16:58:35.716 logback [main] INFO  o.s.w.s.m.m.a.RequestMappingHandlerMapping - Mapped "{[/app/fault/plan/uploadByFault],methods=[POST]}" onto public com.company.project.core.Result com.company.project.module.app.web.AppFaultController.uploadByFault(com.company.project.core.model.QueryRequest,javax.servlet.http.HttpSession)
16:58:35.719 logback [main] INFO  o.s.w.s.m.m.a.RequestMappingHandlerMapping - Mapped "{[/module/app/file/downfile],methods=[GET]}" onto public void com.company.project.module.app.web.AppFileController.downFile(java.lang.String,javax.servlet.http.HttpServletRequest,javax.servlet.http.HttpServletResponse) throws java.io.UnsupportedEncodingException,java.net.MalformedURLException
16:58:35.720 logback [main] INFO  o.s.w.s.m.m.a.RequestMappingHandlerMapping - Mapped "{[/module/app/file/upload],methods=[POST]}" onto public com.company.project.core.Result com.company.project.module.app.web.AppFileController.Fileupload(org.springframework.web.multipart.MultipartFile,java.lang.String)
16:58:35.720 logback [main] INFO  o.s.w.s.m.m.a.RequestMappingHandlerMapping - Mapped "{[/module/app/file/base64Upload],methods=[POST]}" onto public com.company.project.core.Result com.company.project.module.app.web.AppFileController.base64Upload(java.util.Map)
16:58:35.721 logback [main] INFO  o.s.w.s.m.m.a.RequestMappingHandlerMapping - Mapped "{[/app/info/getVersion],methods=[POST]}" onto public com.company.project.core.Result com.company.project.module.app.web.AppInfoController.getVersion(com.company.project.core.model.QueryRequest,javax.servlet.http.HttpSession)
16:58:35.723 logback [main] INFO  o.s.w.s.m.m.a.RequestMappingHandlerMapping - Mapped "{[/app/info/dict],methods=[POST]}" onto public com.company.project.core.Result com.company.project.module.app.web.AppInfoController.getDict(com.company.project.core.model.QueryRequest)
16:58:35.723 logback [main] INFO  o.s.w.s.m.m.a.RequestMappingHandlerMapping - Mapped "{[/app/info/getBaseInfo],methods=[POST]}" onto public com.company.project.core.Result com.company.project.module.app.web.AppInfoController.getBaseInfo(com.company.project.core.model.QueryRequest)
16:58:35.724 logback [main] INFO  o.s.w.s.m.m.a.RequestMappingHandlerMapping - Mapped "{[/app/info/getDeviceInfo],methods=[POST]}" onto public com.company.project.core.Result com.company.project.module.app.web.AppInfoController.getDeviceInfo()
16:58:35.728 logback [main] INFO  o.s.w.s.m.m.a.RequestMappingHandlerMapping - Mapped "{[/app/changePassword],methods=[POST]}" onto public com.company.project.core.Result com.company.project.module.app.web.AppLoginController.changePassword(java.lang.String,java.lang.String,javax.servlet.http.HttpServletRequest)
16:58:35.730 logback [main] INFO  o.s.w.s.m.m.a.RequestMappingHandlerMapping - Mapped "{[/app/logout],methods=[POST]}" onto public com.company.project.core.Result com.company.project.module.app.web.AppLoginController.logout(javax.servlet.http.HttpSession)
16:58:35.731 logback [main] INFO  o.s.w.s.m.m.a.RequestMappingHandlerMapping - Mapped "{[/app/loginVerify],methods=[POST]}" onto public com.company.project.core.Result com.company.project.module.app.web.AppLoginController.isLogin(java.lang.String,java.lang.String,javax.servlet.http.HttpSession)
16:58:35.734 logback [main] INFO  o.s.w.s.m.m.a.RequestMappingHandlerMapping - Mapped "{[/swagger-resources/configuration/security]}" onto public org.springframework.http.ResponseEntity<springfox.documentation.swagger.web.SecurityConfiguration> springfox.documentation.swagger.web.ApiResourceController.securityConfiguration()
16:58:35.735 logback [main] INFO  o.s.w.s.m.m.a.RequestMappingHandlerMapping - Mapped "{[/swagger-resources]}" onto public org.springframework.http.ResponseEntity<java.util.List<springfox.documentation.swagger.web.SwaggerResource>> springfox.documentation.swagger.web.ApiResourceController.swaggerResources()
16:58:35.735 logback [main] INFO  o.s.w.s.m.m.a.RequestMappingHandlerMapping - Mapped "{[/swagger-resources/configuration/ui]}" onto public org.springframework.http.ResponseEntity<springfox.documentation.swagger.web.UiConfiguration> springfox.documentation.swagger.web.ApiResourceController.uiConfiguration()
16:58:35.741 logback [main] INFO  o.s.w.s.m.m.a.RequestMappingHandlerMapping - Mapped "{[/error]}" onto public org.springframework.http.ResponseEntity<java.util.Map<java.lang.String, java.lang.Object>> org.springframework.boot.autoconfigure.web.BasicErrorController.error(javax.servlet.http.HttpServletRequest)
16:58:35.741 logback [main] INFO  o.s.w.s.m.m.a.RequestMappingHandlerMapping - Mapped "{[/error],produces=[text/html]}" onto public org.springframework.web.servlet.ModelAndView org.springframework.boot.autoconfigure.web.BasicErrorController.errorHtml(javax.servlet.http.HttpServletRequest,javax.servlet.http.HttpServletResponse)
16:58:36.061 logback [main] INFO  s.d.s.w.PropertySourcedRequestMappingHandlerMapping - Mapped URL path [/v2/api-docs] onto method [public org.springframework.http.ResponseEntity<springfox.documentation.spring.web.json.Json> springfox.documentation.swagger2.web.Swagger2Controller.getDocumentation(java.lang.String,javax.servlet.http.HttpServletRequest)]
16:58:36.743 logback [main] INFO  o.s.w.s.m.m.a.RequestMappingHandlerAdapter - Looking for @ControllerAdvice: org.springframework.web.context.support.GenericWebApplicationContext@293bb8a5: startup date [Mon Jan 13 16:58:30 CST 2020]; root of context hierarchy
16:58:36.834 logback [main] INFO  o.s.w.s.h.SimpleUrlHandlerMapping - Mapped URL path [/static/**] onto handler of type [class org.springframework.web.servlet.resource.ResourceHttpRequestHandler]
16:58:36.835 logback [main] INFO  o.s.w.s.h.SimpleUrlHandlerMapping - Mapped URL path [/swagger-ui.html] onto handler of type [class org.springframework.web.servlet.resource.ResourceHttpRequestHandler]
16:58:36.835 logback [main] INFO  o.s.w.s.h.SimpleUrlHandlerMapping - Mapped URL path [/webjars/**] onto handler of type [class org.springframework.web.servlet.resource.ResourceHttpRequestHandler]
16:58:36.912 logback [main] INFO  o.s.w.s.h.SimpleUrlHandlerMapping - Mapped URL path [/**/favicon.ico] onto handler of type [class org.springframework.web.servlet.resource.ResourceHttpRequestHandler]
16:58:37.893 logback [main] INFO  o.s.c.s.DefaultLifecycleProcessor - Starting beans in phase 2147483647
16:58:37.893 logback [main] INFO  s.d.s.w.p.DocumentationPluginsBootstrapper - Context refreshed
16:58:37.928 logback [main] INFO  s.d.s.w.p.DocumentationPluginsBootstrapper - Found 1 custom documentation plugin(s)
16:58:37.984 logback [main] INFO  s.d.s.w.s.ApiListingReferenceScanner - Scanning for api listing references
16:58:38.311 logback [main] INFO  com.conpany.project.DemoTest - Started DemoTest in 9.507 seconds (JVM running for 11.073)
16:58:38.624 logback [main] INFO  o.s.t.c.t.TransactionContext - Began transaction (1) for test context [DefaultTestContext@169e6180 testClass = DemoTest, testInstance = com.conpany.project.DemoTest@3fe21d0e, testMethod = fun1@DemoTest, testException = [null], mergedContextConfiguration = [WebMergedContextConfiguration@35aea049 testClass = DemoTest, locations = '{}', classes = '{class com.company.project.TunnelAppApplication, class com.company.project.TunnelAppApplication}', contextInitializerClasses = '[]', activeProfiles = '{}', propertySourceLocations = '{}', propertySourceProperties = '{org.springframework.boot.test.context.SpringBootTestContextBootstrapper=true}', contextCustomizers = set[org.springframework.boot.test.context.SpringBootTestContextCustomizer@323b36e0, org.springframework.boot.test.context.filter.ExcludeFilterContextCustomizer@2e005c4b, org.springframework.boot.test.json.DuplicateJsonObjectContextCustomizerFactory$DuplicateJsonObjectContextCustomizer@6356695f, org.springframework.boot.test.mock.mockito.MockitoContextCustomizer@0, org.springframework.boot.test.autoconfigure.properties.PropertyMappingContextCustomizer@0, org.springframework.boot.test.autoconfigure.web.servlet.WebDriverContextCustomizerFactory$Customizer@3febb011], resourceBasePath = 'src/main/webapp', contextLoader = 'org.springframework.boot.test.context.SpringBootContextLoader', parent = [null]]]; transaction manager [org.springframework.jdbc.datasource.DataSourceTransactionManager@787b7796]; rollback [false]
16:59:20.727 logback [main] INFO  o.s.t.c.t.TransactionContext - Committed transaction for test: [DefaultTestContext@169e6180 testClass = DemoTest, testInstance = com.conpany.project.DemoTest@3fe21d0e, testMethod = fun1@DemoTest, testException = [null], mergedContextConfiguration = [WebMergedContextConfiguration@35aea049 testClass = DemoTest, locations = '{}', classes = '{class com.company.project.TunnelAppApplication, class com.company.project.TunnelAppApplication}', contextInitializerClasses = '[]', activeProfiles = '{}', propertySourceLocations = '{}', propertySourceProperties = '{org.springframework.boot.test.context.SpringBootTestContextBootstrapper=true}', contextCustomizers = set[org.springframework.boot.test.context.SpringBootTestContextCustomizer@323b36e0, org.springframework.boot.test.context.filter.ExcludeFilterContextCustomizer@2e005c4b, org.springframework.boot.test.json.DuplicateJsonObjectContextCustomizerFactory$DuplicateJsonObjectContextCustomizer@6356695f, org.springframework.boot.test.mock.mockito.MockitoContextCustomizer@0, org.springframework.boot.test.autoconfigure.properties.PropertyMappingContextCustomizer@0, org.springframework.boot.test.autoconfigure.web.servlet.WebDriverContextCustomizerFactory$Customizer@3febb011], resourceBasePath = 'src/main/webapp', contextLoader = 'org.springframework.boot.test.context.SpringBootContextLoader', parent = [null]]]
16:59:20.741 logback [Thread-2] INFO  o.s.w.c.s.GenericWebApplicationContext - Closing org.springframework.web.context.support.GenericWebApplicationContext@293bb8a5: startup date [Mon Jan 13 16:58:30 CST 2020]; root of context hierarchy
16:59:20.751 logback [Thread-2] INFO  o.s.c.s.DefaultLifecycleProcessor - Stopping beans in phase 2147483647
16:59:20.761 logback [Thread-2] INFO  c.alibaba.druid.pool.DruidDataSource - {dataSource-1} closed
