09:18:11.111 logback [main] INFO  com.conpany.project.DemoTest - Starting DemoTest on java01 with PID 12844 (started by Administrator in D:\workspace\ddy_tunnel\trunk\demo\tunnel_app)
09:18:11.112 logback [main] INFO  com.conpany.project.DemoTest - The following profiles are active: dev
09:18:11.182 logback [main] INFO  o.s.w.c.s.GenericWebApplicationContext - Refreshing org.springframework.web.context.support.GenericWebApplicationContext@2416a51: startup date [Mon Jan 06 09:18:11 CST 2020]; root of context hierarchy
09:18:12.299 logback [background-preinit] INFO  o.h.validator.internal.util.Version - HV000001: Hibernate Validator 5.3.6.Final
09:18:14.025 logback [main] INFO  o.s.d.r.c.RepositoryConfigurationDelegate - Multiple Spring Data modules found, entering strict repository configuration mode!
09:18:14.286 logback [main] WARN  o.s.c.a.ConfigurationClassPostProcessor - Cannot enhance @Configuration bean definition 'mybatisConfigurer' since its singleton instance has been created too early. The typical cause is a non-static @Bean method with a BeanDefinitionRegistryPostProcessor return type: Consider declaring such methods as 'static'.
09:18:14.948 logback [main] INFO  o.s.c.s.PostProcessorRegistrationDelegate$BeanPostProcessorChecker - Bean 'org.springframework.transaction.annotation.ProxyTransactionManagementConfiguration' of type [org.springframework.transaction.annotation.ProxyTransactionManagementConfiguration$$EnhancerBySpringCGLIB$$86f378e7] is not eligible for getting processed by all BeanPostProcessors (for example: not eligible for auto-proxying)
09:18:15.461 logback [main] INFO  c.a.d.s.b.a.DruidDataSourceAutoConfigure - Init DruidDataSource
09:18:16.572 logback [main] INFO  c.alibaba.druid.pool.DruidDataSource - {dataSource-1} inited
09:18:19.101 logback [main] INFO  o.s.w.s.m.m.a.RequestMappingHandlerMapping - Mapped "{[/app/fault/plan/list],methods=[POST]}" onto public com.company.project.core.Result com.company.project.module.app.web.AppFaultController.list(com.company.project.core.model.QueryRequest,javax.servlet.http.HttpSession)
09:18:19.102 logback [main] INFO  o.s.w.s.m.m.a.RequestMappingHandlerMapping - Mapped "{[/app/fault/plan/getPlanDetailByUuid],methods=[POST]}" onto public com.company.project.core.Result com.company.project.module.app.web.AppFaultController.getPlanDetailByUuid(com.company.project.core.model.QueryRequest,javax.servlet.http.HttpSession)
09:18:19.103 logback [main] INFO  o.s.w.s.m.m.a.RequestMappingHandlerMapping - Mapped "{[/app/fault/plan/uploadByFault],methods=[POST]}" onto public com.company.project.core.Result com.company.project.module.app.web.AppFaultController.uploadByFault(com.company.project.core.model.QueryRequest,javax.servlet.http.HttpSession)
09:18:19.104 logback [main] INFO  o.s.w.s.m.m.a.RequestMappingHandlerMapping - Mapped "{[/app/fault/plan/oldUploadByFault],methods=[POST]}" onto public com.company.project.core.Result com.company.project.module.app.web.AppFaultController.oldUploadByFault(com.company.project.core.model.QueryRequest,javax.servlet.http.HttpSession)
09:18:19.104 logback [main] INFO  o.s.w.s.m.m.a.RequestMappingHandlerMapping - Mapped "{[/app/fault/plan/getXfPlan],methods=[POST]}" onto public com.company.project.core.Result com.company.project.module.app.web.AppFaultController.getXfPlan(com.company.project.core.model.QueryRequest,javax.servlet.http.HttpSession)
09:18:19.105 logback [main] INFO  o.s.w.s.m.m.a.RequestMappingHandlerMapping - Mapped "{[/app/fault/plan/receivePlanStatus],methods=[POST]}" onto public com.company.project.core.Result com.company.project.module.app.web.AppFaultController.receivePlan(com.company.project.core.model.QueryRequest,javax.servlet.http.HttpSession)
09:18:19.105 logback [main] INFO  o.s.w.s.m.m.a.RequestMappingHandlerMapping - Mapped "{[/app/fault/plan/oldUploadByPlan],methods=[POST]}" onto public com.company.project.core.Result com.company.project.module.app.web.AppFaultController.oldUploadByPlan(com.company.project.core.model.QueryRequest,javax.servlet.http.HttpSession)
09:18:19.106 logback [main] INFO  o.s.w.s.m.m.a.RequestMappingHandlerMapping - Mapped "{[/app/fault/plan/uploadByPlan],methods=[POST]}" onto public com.company.project.core.Result com.company.project.module.app.web.AppFaultController.uploadByPlan(com.company.project.core.model.QueryRequest,javax.servlet.http.HttpSession)
09:18:19.108 logback [main] INFO  o.s.w.s.m.m.a.RequestMappingHandlerMapping - Mapped "{[/module/app/file/upload],methods=[POST]}" onto public com.company.project.core.Result com.company.project.module.app.web.AppFileController.Fileupload(org.springframework.web.multipart.MultipartFile,java.lang.String)
09:18:19.109 logback [main] INFO  o.s.w.s.m.m.a.RequestMappingHandlerMapping - Mapped "{[/module/app/file/base64Upload],methods=[POST]}" onto public com.company.project.core.Result com.company.project.module.app.web.AppFileController.base64Upload(java.util.Map)
09:18:19.110 logback [main] INFO  o.s.w.s.m.m.a.RequestMappingHandlerMapping - Mapped "{[/module/app/file/downfile],methods=[GET]}" onto public void com.company.project.module.app.web.AppFileController.downFile(java.lang.String,javax.servlet.http.HttpServletRequest,javax.servlet.http.HttpServletResponse) throws java.io.UnsupportedEncodingException,java.net.MalformedURLException
09:18:19.111 logback [main] INFO  o.s.w.s.m.m.a.RequestMappingHandlerMapping - Mapped "{[/app/info/getVersion],methods=[POST]}" onto public com.company.project.core.Result com.company.project.module.app.web.AppInfoController.getVersion(com.company.project.core.model.QueryRequest,javax.servlet.http.HttpSession)
09:18:19.112 logback [main] INFO  o.s.w.s.m.m.a.RequestMappingHandlerMapping - Mapped "{[/app/info/dict],methods=[POST]}" onto public com.company.project.core.Result com.company.project.module.app.web.AppInfoController.getDict(com.company.project.core.model.QueryRequest)
09:18:19.113 logback [main] INFO  o.s.w.s.m.m.a.RequestMappingHandlerMapping - Mapped "{[/app/info/getBaseInfo],methods=[POST]}" onto public com.company.project.core.Result com.company.project.module.app.web.AppInfoController.getBaseInfo(com.company.project.core.model.QueryRequest)
09:18:19.114 logback [main] INFO  o.s.w.s.m.m.a.RequestMappingHandlerMapping - Mapped "{[/app/info/getDeviceInfo],methods=[POST]}" onto public com.company.project.core.Result com.company.project.module.app.web.AppInfoController.getDeviceInfo()
09:18:19.120 logback [main] INFO  o.s.w.s.m.m.a.RequestMappingHandlerMapping - Mapped "{[/app/loginVerify],methods=[POST]}" onto public com.company.project.core.Result com.company.project.module.app.web.AppLoginController.isLogin(java.lang.String,java.lang.String,javax.servlet.http.HttpSession)
09:18:19.123 logback [main] INFO  o.s.w.s.m.m.a.RequestMappingHandlerMapping - Mapped "{[/app/changePassword],methods=[POST]}" onto public com.company.project.core.Result com.company.project.module.app.web.AppLoginController.changePassword(java.lang.String,java.lang.String,javax.servlet.http.HttpServletRequest)
09:18:19.124 logback [main] INFO  o.s.w.s.m.m.a.RequestMappingHandlerMapping - Mapped "{[/app/logout],methods=[POST]}" onto public com.company.project.core.Result com.company.project.module.app.web.AppLoginController.logout(javax.servlet.http.HttpSession)
09:18:19.126 logback [main] INFO  o.s.w.s.m.m.a.RequestMappingHandlerMapping - Mapped "{[/swagger-resources/configuration/security]}" onto public org.springframework.http.ResponseEntity<springfox.documentation.swagger.web.SecurityConfiguration> springfox.documentation.swagger.web.ApiResourceController.securityConfiguration()
09:18:19.128 logback [main] INFO  o.s.w.s.m.m.a.RequestMappingHandlerMapping - Mapped "{[/swagger-resources]}" onto public org.springframework.http.ResponseEntity<java.util.List<springfox.documentation.swagger.web.SwaggerResource>> springfox.documentation.swagger.web.ApiResourceController.swaggerResources()
09:18:19.128 logback [main] INFO  o.s.w.s.m.m.a.RequestMappingHandlerMapping - Mapped "{[/swagger-resources/configuration/ui]}" onto public org.springframework.http.ResponseEntity<springfox.documentation.swagger.web.UiConfiguration> springfox.documentation.swagger.web.ApiResourceController.uiConfiguration()
09:18:19.132 logback [main] INFO  o.s.w.s.m.m.a.RequestMappingHandlerMapping - Mapped "{[/error]}" onto public org.springframework.http.ResponseEntity<java.util.Map<java.lang.String, java.lang.Object>> org.springframework.boot.autoconfigure.web.BasicErrorController.error(javax.servlet.http.HttpServletRequest)
09:18:19.132 logback [main] INFO  o.s.w.s.m.m.a.RequestMappingHandlerMapping - Mapped "{[/error],produces=[text/html]}" onto public org.springframework.web.servlet.ModelAndView org.springframework.boot.autoconfigure.web.BasicErrorController.errorHtml(javax.servlet.http.HttpServletRequest,javax.servlet.http.HttpServletResponse)
09:18:19.465 logback [main] INFO  s.d.s.w.PropertySourcedRequestMappingHandlerMapping - Mapped URL path [/v2/api-docs] onto method [public org.springframework.http.ResponseEntity<springfox.documentation.spring.web.json.Json> springfox.documentation.swagger2.web.Swagger2Controller.getDocumentation(java.lang.String,javax.servlet.http.HttpServletRequest)]
09:18:20.160 logback [main] INFO  o.s.w.s.m.m.a.RequestMappingHandlerAdapter - Looking for @ControllerAdvice: org.springframework.web.context.support.GenericWebApplicationContext@2416a51: startup date [Mon Jan 06 09:18:11 CST 2020]; root of context hierarchy
09:18:20.241 logback [main] INFO  o.s.w.s.h.SimpleUrlHandlerMapping - Mapped URL path [/static/**] onto handler of type [class org.springframework.web.servlet.resource.ResourceHttpRequestHandler]
09:18:20.242 logback [main] INFO  o.s.w.s.h.SimpleUrlHandlerMapping - Mapped URL path [/swagger-ui.html] onto handler of type [class org.springframework.web.servlet.resource.ResourceHttpRequestHandler]
09:18:20.242 logback [main] INFO  o.s.w.s.h.SimpleUrlHandlerMapping - Mapped URL path [/webjars/**] onto handler of type [class org.springframework.web.servlet.resource.ResourceHttpRequestHandler]
09:18:20.287 logback [main] INFO  o.s.w.s.h.SimpleUrlHandlerMapping - Mapped URL path [/**/favicon.ico] onto handler of type [class org.springframework.web.servlet.resource.ResourceHttpRequestHandler]
09:18:21.241 logback [main] INFO  o.s.c.s.DefaultLifecycleProcessor - Starting beans in phase 2147483647
09:18:21.242 logback [main] INFO  s.d.s.w.p.DocumentationPluginsBootstrapper - Context refreshed
09:18:21.281 logback [main] INFO  s.d.s.w.p.DocumentationPluginsBootstrapper - Found 1 custom documentation plugin(s)
09:18:21.329 logback [main] INFO  s.d.s.w.s.ApiListingReferenceScanner - Scanning for api listing references
09:18:21.683 logback [main] INFO  com.conpany.project.DemoTest - Started DemoTest in 11.586 seconds (JVM running for 15.134)
09:18:22.066 logback [main] INFO  o.s.t.c.t.TransactionContext - Began transaction (1) for test context [DefaultTestContext@6283d8b8 testClass = DemoTest, testInstance = com.conpany.project.DemoTest@5687ade6, testMethod = fun1@DemoTest, testException = [null], mergedContextConfiguration = [WebMergedContextConfiguration@3b6ddd1d testClass = DemoTest, locations = '{}', classes = '{class com.company.project.TunnelAppApplication, class com.company.project.TunnelAppApplication}', contextInitializerClasses = '[]', activeProfiles = '{}', propertySourceLocations = '{}', propertySourceProperties = '{org.springframework.boot.test.context.SpringBootTestContextBootstrapper=true}', contextCustomizers = set[org.springframework.boot.test.context.SpringBootTestContextCustomizer@694abbdc, org.springframework.boot.test.context.filter.ExcludeFilterContextCustomizer@5ffead27, org.springframework.boot.test.json.DuplicateJsonObjectContextCustomizerFactory$DuplicateJsonObjectContextCustomizer@359f7cdf, org.springframework.boot.test.mock.mockito.MockitoContextCustomizer@0, org.springframework.boot.test.autoconfigure.properties.PropertyMappingContextCustomizer@0, org.springframework.boot.test.autoconfigure.web.servlet.WebDriverContextCustomizerFactory$Customizer@131774fe], resourceBasePath = 'src/main/webapp', contextLoader = 'org.springframework.boot.test.context.SpringBootContextLoader', parent = [null]]]; transaction manager [org.springframework.jdbc.datasource.DataSourceTransactionManager@7621c3f7]; rollback [false]
09:19:32.931 logback [main] INFO  o.s.t.c.t.TransactionContext - Committed transaction for test: [DefaultTestContext@6283d8b8 testClass = DemoTest, testInstance = com.conpany.project.DemoTest@5687ade6, testMethod = fun1@DemoTest, testException = [null], mergedContextConfiguration = [WebMergedContextConfiguration@3b6ddd1d testClass = DemoTest, locations = '{}', classes = '{class com.company.project.TunnelAppApplication, class com.company.project.TunnelAppApplication}', contextInitializerClasses = '[]', activeProfiles = '{}', propertySourceLocations = '{}', propertySourceProperties = '{org.springframework.boot.test.context.SpringBootTestContextBootstrapper=true}', contextCustomizers = set[org.springframework.boot.test.context.SpringBootTestContextCustomizer@694abbdc, org.springframework.boot.test.context.filter.ExcludeFilterContextCustomizer@5ffead27, org.springframework.boot.test.json.DuplicateJsonObjectContextCustomizerFactory$DuplicateJsonObjectContextCustomizer@359f7cdf, org.springframework.boot.test.mock.mockito.MockitoContextCustomizer@0, org.springframework.boot.test.autoconfigure.properties.PropertyMappingContextCustomizer@0, org.springframework.boot.test.autoconfigure.web.servlet.WebDriverContextCustomizerFactory$Customizer@131774fe], resourceBasePath = 'src/main/webapp', contextLoader = 'org.springframework.boot.test.context.SpringBootContextLoader', parent = [null]]]
09:19:32.936 logback [Thread-2] INFO  o.s.w.c.s.GenericWebApplicationContext - Closing org.springframework.web.context.support.GenericWebApplicationContext@2416a51: startup date [Mon Jan 06 09:18:11 CST 2020]; root of context hierarchy
09:19:32.938 logback [Thread-2] INFO  o.s.c.s.DefaultLifecycleProcessor - Stopping beans in phase 2147483647
09:19:32.960 logback [Thread-2] INFO  c.alibaba.druid.pool.DruidDataSource - {dataSource-1} closed
09:21:27.036 logback [main] INFO  com.conpany.project.DemoTest - Starting DemoTest on java01 with PID 6284 (started by Administrator in D:\workspace\ddy_tunnel\trunk\demo\tunnel_app)
09:21:27.038 logback [main] INFO  com.conpany.project.DemoTest - The following profiles are active: dev
09:21:27.094 logback [main] INFO  o.s.w.c.s.GenericWebApplicationContext - Refreshing org.springframework.web.context.support.GenericWebApplicationContext@6fa590ba: startup date [Mon Jan 06 09:21:27 CST 2020]; root of context hierarchy
09:21:27.512 logback [background-preinit] INFO  o.h.validator.internal.util.Version - HV000001: Hibernate Validator 5.3.6.Final
09:21:29.862 logback [main] INFO  o.s.d.r.c.RepositoryConfigurationDelegate - Multiple Spring Data modules found, entering strict repository configuration mode!
09:21:30.403 logback [main] WARN  o.s.c.a.ConfigurationClassPostProcessor - Cannot enhance @Configuration bean definition 'mybatisConfigurer' since its singleton instance has been created too early. The typical cause is a non-static @Bean method with a BeanDefinitionRegistryPostProcessor return type: Consider declaring such methods as 'static'.
09:21:31.519 logback [main] INFO  o.s.c.s.PostProcessorRegistrationDelegate$BeanPostProcessorChecker - Bean 'org.springframework.transaction.annotation.ProxyTransactionManagementConfiguration' of type [org.springframework.transaction.annotation.ProxyTransactionManagementConfiguration$$EnhancerBySpringCGLIB$$907e3cdf] is not eligible for getting processed by all BeanPostProcessors (for example: not eligible for auto-proxying)
09:21:31.871 logback [main] INFO  c.a.d.s.b.a.DruidDataSourceAutoConfigure - Init DruidDataSource
09:21:33.054 logback [main] INFO  c.alibaba.druid.pool.DruidDataSource - {dataSource-1} inited
09:21:35.906 logback [main] INFO  o.s.w.s.m.m.a.RequestMappingHandlerMapping - Mapped "{[/app/fault/plan/list],methods=[POST]}" onto public com.company.project.core.Result com.company.project.module.app.web.AppFaultController.list(com.company.project.core.model.QueryRequest,javax.servlet.http.HttpSession)
09:21:35.908 logback [main] INFO  o.s.w.s.m.m.a.RequestMappingHandlerMapping - Mapped "{[/app/fault/plan/getXfPlan],methods=[POST]}" onto public com.company.project.core.Result com.company.project.module.app.web.AppFaultController.getXfPlan(com.company.project.core.model.QueryRequest,javax.servlet.http.HttpSession)
09:21:35.909 logback [main] INFO  o.s.w.s.m.m.a.RequestMappingHandlerMapping - Mapped "{[/app/fault/plan/uploadByPlan],methods=[POST]}" onto public com.company.project.core.Result com.company.project.module.app.web.AppFaultController.uploadByPlan(com.company.project.core.model.QueryRequest,javax.servlet.http.HttpSession)
09:21:35.910 logback [main] INFO  o.s.w.s.m.m.a.RequestMappingHandlerMapping - Mapped "{[/app/fault/plan/uploadByFault],methods=[POST]}" onto public com.company.project.core.Result com.company.project.module.app.web.AppFaultController.uploadByFault(com.company.project.core.model.QueryRequest,javax.servlet.http.HttpSession)
09:21:35.911 logback [main] INFO  o.s.w.s.m.m.a.RequestMappingHandlerMapping - Mapped "{[/app/fault/plan/receivePlanStatus],methods=[POST]}" onto public com.company.project.core.Result com.company.project.module.app.web.AppFaultController.receivePlan(com.company.project.core.model.QueryRequest,javax.servlet.http.HttpSession)
09:21:35.911 logback [main] INFO  o.s.w.s.m.m.a.RequestMappingHandlerMapping - Mapped "{[/app/fault/plan/oldUploadByFault],methods=[POST]}" onto public com.company.project.core.Result com.company.project.module.app.web.AppFaultController.oldUploadByFault(com.company.project.core.model.QueryRequest,javax.servlet.http.HttpSession)
09:21:35.912 logback [main] INFO  o.s.w.s.m.m.a.RequestMappingHandlerMapping - Mapped "{[/app/fault/plan/oldUploadByPlan],methods=[POST]}" onto public com.company.project.core.Result com.company.project.module.app.web.AppFaultController.oldUploadByPlan(com.company.project.core.model.QueryRequest,javax.servlet.http.HttpSession)
09:21:35.912 logback [main] INFO  o.s.w.s.m.m.a.RequestMappingHandlerMapping - Mapped "{[/app/fault/plan/getPlanDetailByUuid],methods=[POST]}" onto public com.company.project.core.Result com.company.project.module.app.web.AppFaultController.getPlanDetailByUuid(com.company.project.core.model.QueryRequest,javax.servlet.http.HttpSession)
09:21:35.915 logback [main] INFO  o.s.w.s.m.m.a.RequestMappingHandlerMapping - Mapped "{[/module/app/file/upload],methods=[POST]}" onto public com.company.project.core.Result com.company.project.module.app.web.AppFileController.Fileupload(org.springframework.web.multipart.MultipartFile,java.lang.String)
09:21:35.915 logback [main] INFO  o.s.w.s.m.m.a.RequestMappingHandlerMapping - Mapped "{[/module/app/file/base64Upload],methods=[POST]}" onto public com.company.project.core.Result com.company.project.module.app.web.AppFileController.base64Upload(java.util.Map)
09:21:35.916 logback [main] INFO  o.s.w.s.m.m.a.RequestMappingHandlerMapping - Mapped "{[/module/app/file/downfile],methods=[GET]}" onto public void com.company.project.module.app.web.AppFileController.downFile(java.lang.String,javax.servlet.http.HttpServletRequest,javax.servlet.http.HttpServletResponse) throws java.io.UnsupportedEncodingException,java.net.MalformedURLException
09:21:35.918 logback [main] INFO  o.s.w.s.m.m.a.RequestMappingHandlerMapping - Mapped "{[/app/info/getVersion],methods=[POST]}" onto public com.company.project.core.Result com.company.project.module.app.web.AppInfoController.getVersion(com.company.project.core.model.QueryRequest,javax.servlet.http.HttpSession)
09:21:35.919 logback [main] INFO  o.s.w.s.m.m.a.RequestMappingHandlerMapping - Mapped "{[/app/info/dict],methods=[POST]}" onto public com.company.project.core.Result com.company.project.module.app.web.AppInfoController.getDict(com.company.project.core.model.QueryRequest)
09:21:35.920 logback [main] INFO  o.s.w.s.m.m.a.RequestMappingHandlerMapping - Mapped "{[/app/info/getBaseInfo],methods=[POST]}" onto public com.company.project.core.Result com.company.project.module.app.web.AppInfoController.getBaseInfo(com.company.project.core.model.QueryRequest)
09:21:35.920 logback [main] INFO  o.s.w.s.m.m.a.RequestMappingHandlerMapping - Mapped "{[/app/info/getDeviceInfo],methods=[POST]}" onto public com.company.project.core.Result com.company.project.module.app.web.AppInfoController.getDeviceInfo()
09:21:35.924 logback [main] INFO  o.s.w.s.m.m.a.RequestMappingHandlerMapping - Mapped "{[/app/changePassword],methods=[POST]}" onto public com.company.project.core.Result com.company.project.module.app.web.AppLoginController.changePassword(java.lang.String,java.lang.String,javax.servlet.http.HttpServletRequest)
09:21:35.928 logback [main] INFO  o.s.w.s.m.m.a.RequestMappingHandlerMapping - Mapped "{[/app/loginVerify],methods=[POST]}" onto public com.company.project.core.Result com.company.project.module.app.web.AppLoginController.isLogin(java.lang.String,java.lang.String,javax.servlet.http.HttpSession)
09:21:35.929 logback [main] INFO  o.s.w.s.m.m.a.RequestMappingHandlerMapping - Mapped "{[/app/logout],methods=[POST]}" onto public com.company.project.core.Result com.company.project.module.app.web.AppLoginController.logout(javax.servlet.http.HttpSession)
09:21:35.934 logback [main] INFO  o.s.w.s.m.m.a.RequestMappingHandlerMapping - Mapped "{[/swagger-resources]}" onto public org.springframework.http.ResponseEntity<java.util.List<springfox.documentation.swagger.web.SwaggerResource>> springfox.documentation.swagger.web.ApiResourceController.swaggerResources()
09:21:35.935 logback [main] INFO  o.s.w.s.m.m.a.RequestMappingHandlerMapping - Mapped "{[/swagger-resources/configuration/ui]}" onto public org.springframework.http.ResponseEntity<springfox.documentation.swagger.web.UiConfiguration> springfox.documentation.swagger.web.ApiResourceController.uiConfiguration()
09:21:35.936 logback [main] INFO  o.s.w.s.m.m.a.RequestMappingHandlerMapping - Mapped "{[/swagger-resources/configuration/security]}" onto public org.springframework.http.ResponseEntity<springfox.documentation.swagger.web.SecurityConfiguration> springfox.documentation.swagger.web.ApiResourceController.securityConfiguration()
09:21:35.941 logback [main] INFO  o.s.w.s.m.m.a.RequestMappingHandlerMapping - Mapped "{[/error]}" onto public org.springframework.http.ResponseEntity<java.util.Map<java.lang.String, java.lang.Object>> org.springframework.boot.autoconfigure.web.BasicErrorController.error(javax.servlet.http.HttpServletRequest)
09:21:35.942 logback [main] INFO  o.s.w.s.m.m.a.RequestMappingHandlerMapping - Mapped "{[/error],produces=[text/html]}" onto public org.springframework.web.servlet.ModelAndView org.springframework.boot.autoconfigure.web.BasicErrorController.errorHtml(javax.servlet.http.HttpServletRequest,javax.servlet.http.HttpServletResponse)
09:21:36.428 logback [main] INFO  s.d.s.w.PropertySourcedRequestMappingHandlerMapping - Mapped URL path [/v2/api-docs] onto method [public org.springframework.http.ResponseEntity<springfox.documentation.spring.web.json.Json> springfox.documentation.swagger2.web.Swagger2Controller.getDocumentation(java.lang.String,javax.servlet.http.HttpServletRequest)]
09:21:37.313 logback [main] INFO  o.s.w.s.m.m.a.RequestMappingHandlerAdapter - Looking for @ControllerAdvice: org.springframework.web.context.support.GenericWebApplicationContext@6fa590ba: startup date [Mon Jan 06 09:21:27 CST 2020]; root of context hierarchy
09:21:37.423 logback [main] INFO  o.s.w.s.h.SimpleUrlHandlerMapping - Mapped URL path [/static/**] onto handler of type [class org.springframework.web.servlet.resource.ResourceHttpRequestHandler]
09:21:37.425 logback [main] INFO  o.s.w.s.h.SimpleUrlHandlerMapping - Mapped URL path [/swagger-ui.html] onto handler of type [class org.springframework.web.servlet.resource.ResourceHttpRequestHandler]
09:21:37.425 logback [main] INFO  o.s.w.s.h.SimpleUrlHandlerMapping - Mapped URL path [/webjars/**] onto handler of type [class org.springframework.web.servlet.resource.ResourceHttpRequestHandler]
09:21:37.487 logback [main] INFO  o.s.w.s.h.SimpleUrlHandlerMapping - Mapped URL path [/**/favicon.ico] onto handler of type [class org.springframework.web.servlet.resource.ResourceHttpRequestHandler]
09:21:38.813 logback [main] INFO  o.s.c.s.DefaultLifecycleProcessor - Starting beans in phase 2147483647
09:21:38.813 logback [main] INFO  s.d.s.w.p.DocumentationPluginsBootstrapper - Context refreshed
09:21:38.862 logback [main] INFO  s.d.s.w.p.DocumentationPluginsBootstrapper - Found 1 custom documentation plugin(s)
09:21:38.906 logback [main] INFO  s.d.s.w.s.ApiListingReferenceScanner - Scanning for api listing references
09:21:39.331 logback [main] INFO  com.conpany.project.DemoTest - Started DemoTest in 13.163 seconds (JVM running for 16.681)
09:21:39.708 logback [main] INFO  o.s.t.c.t.TransactionContext - Began transaction (1) for test context [DefaultTestContext@6283d8b8 testClass = DemoTest, testInstance = com.conpany.project.DemoTest@787b7796, testMethod = fun1@DemoTest, testException = [null], mergedContextConfiguration = [WebMergedContextConfiguration@3b6ddd1d testClass = DemoTest, locations = '{}', classes = '{class com.company.project.TunnelAppApplication, class com.company.project.TunnelAppApplication}', contextInitializerClasses = '[]', activeProfiles = '{}', propertySourceLocations = '{}', propertySourceProperties = '{org.springframework.boot.test.context.SpringBootTestContextBootstrapper=true}', contextCustomizers = set[org.springframework.boot.test.context.SpringBootTestContextCustomizer@694abbdc, org.springframework.boot.test.context.filter.ExcludeFilterContextCustomizer@5ffead27, org.springframework.boot.test.json.DuplicateJsonObjectContextCustomizerFactory$DuplicateJsonObjectContextCustomizer@359f7cdf, org.springframework.boot.test.mock.mockito.MockitoContextCustomizer@0, org.springframework.boot.test.autoconfigure.properties.PropertyMappingContextCustomizer@0, org.springframework.boot.test.autoconfigure.web.servlet.WebDriverContextCustomizerFactory$Customizer@131774fe], resourceBasePath = 'src/main/webapp', contextLoader = 'org.springframework.boot.test.context.SpringBootContextLoader', parent = [null]]]; transaction manager [org.springframework.jdbc.datasource.DataSourceTransactionManager@a0e35c3]; rollback [false]
09:24:44.916 logback [main] INFO  o.s.t.c.t.TransactionContext - Committed transaction for test: [DefaultTestContext@6283d8b8 testClass = DemoTest, testInstance = com.conpany.project.DemoTest@787b7796, testMethod = fun1@DemoTest, testException = [null], mergedContextConfiguration = [WebMergedContextConfiguration@3b6ddd1d testClass = DemoTest, locations = '{}', classes = '{class com.company.project.TunnelAppApplication, class com.company.project.TunnelAppApplication}', contextInitializerClasses = '[]', activeProfiles = '{}', propertySourceLocations = '{}', propertySourceProperties = '{org.springframework.boot.test.context.SpringBootTestContextBootstrapper=true}', contextCustomizers = set[org.springframework.boot.test.context.SpringBootTestContextCustomizer@694abbdc, org.springframework.boot.test.context.filter.ExcludeFilterContextCustomizer@5ffead27, org.springframework.boot.test.json.DuplicateJsonObjectContextCustomizerFactory$DuplicateJsonObjectContextCustomizer@359f7cdf, org.springframework.boot.test.mock.mockito.MockitoContextCustomizer@0, org.springframework.boot.test.autoconfigure.properties.PropertyMappingContextCustomizer@0, org.springframework.boot.test.autoconfigure.web.servlet.WebDriverContextCustomizerFactory$Customizer@131774fe], resourceBasePath = 'src/main/webapp', contextLoader = 'org.springframework.boot.test.context.SpringBootContextLoader', parent = [null]]]
09:24:44.920 logback [Thread-2] INFO  o.s.w.c.s.GenericWebApplicationContext - Closing org.springframework.web.context.support.GenericWebApplicationContext@6fa590ba: startup date [Mon Jan 06 09:21:27 CST 2020]; root of context hierarchy
09:24:44.926 logback [Thread-2] INFO  o.s.c.s.DefaultLifecycleProcessor - Stopping beans in phase 2147483647
09:24:44.937 logback [Thread-2] INFO  c.alibaba.druid.pool.DruidDataSource - {dataSource-1} closed
09:44:22.152 logback [main] INFO  com.conpany.project.DemoTest - Starting DemoTest on java01 with PID 9768 (started by Administrator in D:\workspace\ddy_tunnel\trunk\demo\tunnel_app)
09:44:22.153 logback [main] INFO  com.conpany.project.DemoTest - The following profiles are active: dev
09:44:22.203 logback [main] INFO  o.s.w.c.s.GenericWebApplicationContext - Refreshing org.springframework.web.context.support.GenericWebApplicationContext@2416a51: startup date [Mon Jan 06 09:44:22 CST 2020]; root of context hierarchy
09:44:22.738 logback [background-preinit] INFO  o.h.validator.internal.util.Version - HV000001: Hibernate Validator 5.3.6.Final
09:44:24.747 logback [main] INFO  o.s.d.r.c.RepositoryConfigurationDelegate - Multiple Spring Data modules found, entering strict repository configuration mode!
09:44:25.890 logback [main] WARN  o.s.c.a.ConfigurationClassPostProcessor - Cannot enhance @Configuration bean definition 'mybatisConfigurer' since its singleton instance has been created too early. The typical cause is a non-static @Bean method with a BeanDefinitionRegistryPostProcessor return type: Consider declaring such methods as 'static'.
09:44:27.068 logback [main] INFO  o.s.c.s.PostProcessorRegistrationDelegate$BeanPostProcessorChecker - Bean 'org.springframework.transaction.annotation.ProxyTransactionManagementConfiguration' of type [org.springframework.transaction.annotation.ProxyTransactionManagementConfiguration$$EnhancerBySpringCGLIB$$e8bf5757] is not eligible for getting processed by all BeanPostProcessors (for example: not eligible for auto-proxying)
09:44:27.478 logback [main] INFO  c.a.d.s.b.a.DruidDataSourceAutoConfigure - Init DruidDataSource
09:44:28.693 logback [main] INFO  c.alibaba.druid.pool.DruidDataSource - {dataSource-1} inited
09:44:31.370 logback [main] INFO  o.s.w.s.m.m.a.RequestMappingHandlerMapping - Mapped "{[/app/fault/plan/list],methods=[POST]}" onto public com.company.project.core.Result com.company.project.module.app.web.AppFaultController.list(com.company.project.core.model.QueryRequest,javax.servlet.http.HttpSession)
09:44:31.377 logback [main] INFO  o.s.w.s.m.m.a.RequestMappingHandlerMapping - Mapped "{[/app/fault/plan/getPlanDetailByUuid],methods=[POST]}" onto public com.company.project.core.Result com.company.project.module.app.web.AppFaultController.getPlanDetailByUuid(com.company.project.core.model.QueryRequest,javax.servlet.http.HttpSession)
09:44:31.379 logback [main] INFO  o.s.w.s.m.m.a.RequestMappingHandlerMapping - Mapped "{[/app/fault/plan/uploadByPlan],methods=[POST]}" onto public com.company.project.core.Result com.company.project.module.app.web.AppFaultController.uploadByPlan(com.company.project.core.model.QueryRequest,javax.servlet.http.HttpSession)
09:44:31.380 logback [main] INFO  o.s.w.s.m.m.a.RequestMappingHandlerMapping - Mapped "{[/app/fault/plan/uploadByFault],methods=[POST]}" onto public com.company.project.core.Result com.company.project.module.app.web.AppFaultController.uploadByFault(com.company.project.core.model.QueryRequest,javax.servlet.http.HttpSession)
09:44:31.399 logback [main] INFO  o.s.w.s.m.m.a.RequestMappingHandlerMapping - Mapped "{[/app/fault/plan/getXfPlan],methods=[POST]}" onto public com.company.project.core.Result com.company.project.module.app.web.AppFaultController.getXfPlan(com.company.project.core.model.QueryRequest,javax.servlet.http.HttpSession)
09:44:31.400 logback [main] INFO  o.s.w.s.m.m.a.RequestMappingHandlerMapping - Mapped "{[/app/fault/plan/receivePlanStatus],methods=[POST]}" onto public com.company.project.core.Result com.company.project.module.app.web.AppFaultController.receivePlan(com.company.project.core.model.QueryRequest,javax.servlet.http.HttpSession)
09:44:31.401 logback [main] INFO  o.s.w.s.m.m.a.RequestMappingHandlerMapping - Mapped "{[/app/fault/plan/oldUploadByFault],methods=[POST]}" onto public com.company.project.core.Result com.company.project.module.app.web.AppFaultController.oldUploadByFault(com.company.project.core.model.QueryRequest,javax.servlet.http.HttpSession)
09:44:31.401 logback [main] INFO  o.s.w.s.m.m.a.RequestMappingHandlerMapping - Mapped "{[/app/fault/plan/oldUploadByPlan],methods=[POST]}" onto public com.company.project.core.Result com.company.project.module.app.web.AppFaultController.oldUploadByPlan(com.company.project.core.model.QueryRequest,javax.servlet.http.HttpSession)
09:44:31.404 logback [main] INFO  o.s.w.s.m.m.a.RequestMappingHandlerMapping - Mapped "{[/module/app/file/downfile],methods=[GET]}" onto public void com.company.project.module.app.web.AppFileController.downFile(java.lang.String,javax.servlet.http.HttpServletRequest,javax.servlet.http.HttpServletResponse) throws java.io.UnsupportedEncodingException,java.net.MalformedURLException
09:44:31.405 logback [main] INFO  o.s.w.s.m.m.a.RequestMappingHandlerMapping - Mapped "{[/module/app/file/base64Upload],methods=[POST]}" onto public com.company.project.core.Result com.company.project.module.app.web.AppFileController.base64Upload(java.util.Map)
09:44:31.406 logback [main] INFO  o.s.w.s.m.m.a.RequestMappingHandlerMapping - Mapped "{[/module/app/file/upload],methods=[POST]}" onto public com.company.project.core.Result com.company.project.module.app.web.AppFileController.Fileupload(org.springframework.web.multipart.MultipartFile,java.lang.String)
09:44:31.409 logback [main] INFO  o.s.w.s.m.m.a.RequestMappingHandlerMapping - Mapped "{[/app/info/getVersion],methods=[POST]}" onto public com.company.project.core.Result com.company.project.module.app.web.AppInfoController.getVersion(com.company.project.core.model.QueryRequest,javax.servlet.http.HttpSession)
09:44:31.410 logback [main] INFO  o.s.w.s.m.m.a.RequestMappingHandlerMapping - Mapped "{[/app/info/getDeviceInfo],methods=[POST]}" onto public com.company.project.core.Result com.company.project.module.app.web.AppInfoController.getDeviceInfo()
09:44:31.411 logback [main] INFO  o.s.w.s.m.m.a.RequestMappingHandlerMapping - Mapped "{[/app/info/getBaseInfo],methods=[POST]}" onto public com.company.project.core.Result com.company.project.module.app.web.AppInfoController.getBaseInfo(com.company.project.core.model.QueryRequest)
09:44:31.411 logback [main] INFO  o.s.w.s.m.m.a.RequestMappingHandlerMapping - Mapped "{[/app/info/dict],methods=[POST]}" onto public com.company.project.core.Result com.company.project.module.app.web.AppInfoController.getDict(com.company.project.core.model.QueryRequest)
09:44:31.416 logback [main] INFO  o.s.w.s.m.m.a.RequestMappingHandlerMapping - Mapped "{[/app/loginVerify],methods=[POST]}" onto public com.company.project.core.Result com.company.project.module.app.web.AppLoginController.isLogin(java.lang.String,java.lang.String,javax.servlet.http.HttpSession)
09:44:31.419 logback [main] INFO  o.s.w.s.m.m.a.RequestMappingHandlerMapping - Mapped "{[/app/changePassword],methods=[POST]}" onto public com.company.project.core.Result com.company.project.module.app.web.AppLoginController.changePassword(java.lang.String,java.lang.String,javax.servlet.http.HttpServletRequest)
09:44:31.420 logback [main] INFO  o.s.w.s.m.m.a.RequestMappingHandlerMapping - Mapped "{[/app/logout],methods=[POST]}" onto public com.company.project.core.Result com.company.project.module.app.web.AppLoginController.logout(javax.servlet.http.HttpSession)
09:44:31.426 logback [main] INFO  o.s.w.s.m.m.a.RequestMappingHandlerMapping - Mapped "{[/swagger-resources/configuration/ui]}" onto public org.springframework.http.ResponseEntity<springfox.documentation.swagger.web.UiConfiguration> springfox.documentation.swagger.web.ApiResourceController.uiConfiguration()
09:44:31.427 logback [main] INFO  o.s.w.s.m.m.a.RequestMappingHandlerMapping - Mapped "{[/swagger-resources]}" onto public org.springframework.http.ResponseEntity<java.util.List<springfox.documentation.swagger.web.SwaggerResource>> springfox.documentation.swagger.web.ApiResourceController.swaggerResources()
09:44:31.427 logback [main] INFO  o.s.w.s.m.m.a.RequestMappingHandlerMapping - Mapped "{[/swagger-resources/configuration/security]}" onto public org.springframework.http.ResponseEntity<springfox.documentation.swagger.web.SecurityConfiguration> springfox.documentation.swagger.web.ApiResourceController.securityConfiguration()
09:44:31.431 logback [main] INFO  o.s.w.s.m.m.a.RequestMappingHandlerMapping - Mapped "{[/error]}" onto public org.springframework.http.ResponseEntity<java.util.Map<java.lang.String, java.lang.Object>> org.springframework.boot.autoconfigure.web.BasicErrorController.error(javax.servlet.http.HttpServletRequest)
09:44:31.432 logback [main] INFO  o.s.w.s.m.m.a.RequestMappingHandlerMapping - Mapped "{[/error],produces=[text/html]}" onto public org.springframework.web.servlet.ModelAndView org.springframework.boot.autoconfigure.web.BasicErrorController.errorHtml(javax.servlet.http.HttpServletRequest,javax.servlet.http.HttpServletResponse)
09:44:31.921 logback [main] INFO  s.d.s.w.PropertySourcedRequestMappingHandlerMapping - Mapped URL path [/v2/api-docs] onto method [public org.springframework.http.ResponseEntity<springfox.documentation.spring.web.json.Json> springfox.documentation.swagger2.web.Swagger2Controller.getDocumentation(java.lang.String,javax.servlet.http.HttpServletRequest)]
09:44:32.789 logback [main] INFO  o.s.w.s.m.m.a.RequestMappingHandlerAdapter - Looking for @ControllerAdvice: org.springframework.web.context.support.GenericWebApplicationContext@2416a51: startup date [Mon Jan 06 09:44:22 CST 2020]; root of context hierarchy
09:44:32.920 logback [main] INFO  o.s.w.s.h.SimpleUrlHandlerMapping - Mapped URL path [/static/**] onto handler of type [class org.springframework.web.servlet.resource.ResourceHttpRequestHandler]
09:44:32.920 logback [main] INFO  o.s.w.s.h.SimpleUrlHandlerMapping - Mapped URL path [/swagger-ui.html] onto handler of type [class org.springframework.web.servlet.resource.ResourceHttpRequestHandler]
09:44:32.920 logback [main] INFO  o.s.w.s.h.SimpleUrlHandlerMapping - Mapped URL path [/webjars/**] onto handler of type [class org.springframework.web.servlet.resource.ResourceHttpRequestHandler]
09:44:32.989 logback [main] INFO  o.s.w.s.h.SimpleUrlHandlerMapping - Mapped URL path [/**/favicon.ico] onto handler of type [class org.springframework.web.servlet.resource.ResourceHttpRequestHandler]
09:44:34.333 logback [main] INFO  o.s.c.s.DefaultLifecycleProcessor - Starting beans in phase 2147483647
09:44:34.334 logback [main] INFO  s.d.s.w.p.DocumentationPluginsBootstrapper - Context refreshed
09:44:34.388 logback [main] INFO  s.d.s.w.p.DocumentationPluginsBootstrapper - Found 1 custom documentation plugin(s)
09:44:34.454 logback [main] INFO  s.d.s.w.s.ApiListingReferenceScanner - Scanning for api listing references
09:44:34.945 logback [main] INFO  com.conpany.project.DemoTest - Started DemoTest in 13.738 seconds (JVM running for 16.792)
09:44:35.336 logback [main] INFO  o.s.t.c.t.TransactionContext - Began transaction (1) for test context [DefaultTestContext@7205765b testClass = DemoTest, testInstance = com.conpany.project.DemoTest@2318651f, testMethod = fun1@DemoTest, testException = [null], mergedContextConfiguration = [WebMergedContextConfiguration@47987356 testClass = DemoTest, locations = '{}', classes = '{class com.company.project.TunnelAppApplication, class com.company.project.TunnelAppApplication}', contextInitializerClasses = '[]', activeProfiles = '{}', propertySourceLocations = '{}', propertySourceProperties = '{org.springframework.boot.test.context.SpringBootTestContextBootstrapper=true}', contextCustomizers = set[org.springframework.boot.test.context.SpringBootTestContextCustomizer@694abbdc, org.springframework.boot.test.context.filter.ExcludeFilterContextCustomizer@5ffead27, org.springframework.boot.test.json.DuplicateJsonObjectContextCustomizerFactory$DuplicateJsonObjectContextCustomizer@359f7cdf, org.springframework.boot.test.mock.mockito.MockitoContextCustomizer@0, org.springframework.boot.test.autoconfigure.properties.PropertyMappingContextCustomizer@0, org.springframework.boot.test.autoconfigure.web.servlet.WebDriverContextCustomizerFactory$Customizer@131774fe], resourceBasePath = 'src/main/webapp', contextLoader = 'org.springframework.boot.test.context.SpringBootContextLoader', parent = [null]]]; transaction manager [org.springframework.jdbc.datasource.DataSourceTransactionManager@3f04fb07]; rollback [false]
09:44:35.637 logback [main] INFO  o.s.t.c.t.TransactionContext - Committed transaction for test: [DefaultTestContext@7205765b testClass = DemoTest, testInstance = com.conpany.project.DemoTest@2318651f, testMethod = fun1@DemoTest, testException = [null], mergedContextConfiguration = [WebMergedContextConfiguration@47987356 testClass = DemoTest, locations = '{}', classes = '{class com.company.project.TunnelAppApplication, class com.company.project.TunnelAppApplication}', contextInitializerClasses = '[]', activeProfiles = '{}', propertySourceLocations = '{}', propertySourceProperties = '{org.springframework.boot.test.context.SpringBootTestContextBootstrapper=true}', contextCustomizers = set[org.springframework.boot.test.context.SpringBootTestContextCustomizer@694abbdc, org.springframework.boot.test.context.filter.ExcludeFilterContextCustomizer@5ffead27, org.springframework.boot.test.json.DuplicateJsonObjectContextCustomizerFactory$DuplicateJsonObjectContextCustomizer@359f7cdf, org.springframework.boot.test.mock.mockito.MockitoContextCustomizer@0, org.springframework.boot.test.autoconfigure.properties.PropertyMappingContextCustomizer@0, org.springframework.boot.test.autoconfigure.web.servlet.WebDriverContextCustomizerFactory$Customizer@131774fe], resourceBasePath = 'src/main/webapp', contextLoader = 'org.springframework.boot.test.context.SpringBootContextLoader', parent = [null]]]
09:44:35.646 logback [Thread-2] INFO  o.s.w.c.s.GenericWebApplicationContext - Closing org.springframework.web.context.support.GenericWebApplicationContext@2416a51: startup date [Mon Jan 06 09:44:22 CST 2020]; root of context hierarchy
09:44:35.649 logback [Thread-2] INFO  o.s.c.s.DefaultLifecycleProcessor - Stopping beans in phase 2147483647
09:44:35.672 logback [Thread-2] INFO  c.alibaba.druid.pool.DruidDataSource - {dataSource-1} closed
