10:09:01.942 logback [main] INFO  c.c.project.TunnelAppApplication - Starting TunnelAppApplication on java01 with PID 7740 (D:\workspace\ddy_tunnel\trunk\demo\tunnel_app\target\classes started by Administrator in D:\workspace\ddy_tunnel\trunk\demo\tunnel_device)
10:09:01.946 logback [main] INFO  c.c.project.TunnelAppApplication - The following profiles are active: dev
10:09:02.052 logback [main] INFO  o.s.b.c.e.AnnotationConfigEmbeddedWebApplicationContext - Refreshing org.springframework.boot.context.embedded.AnnotationConfigEmbeddedWebApplicationContext@1af687fe: startup date [Wed Jan 15 10:09:02 CST 2020]; root of context hierarchy
10:09:02.282 logback [background-preinit] INFO  o.h.validator.internal.util.Version - HV000001: Hibernate Validator 5.3.6.Final
10:09:08.175 logback [main] INFO  o.s.d.r.c.RepositoryConfigurationDelegate - Multiple Spring Data modules found, entering strict repository configuration mode!
10:09:08.603 logback [main] WARN  o.s.c.a.ConfigurationClassPostProcessor - Cannot enhance @Configuration bean definition 'mybatisConfigurer' since its singleton instance has been created too early. The typical cause is a non-static @Bean method with a BeanDefinitionRegistryPostProcessor return type: Consider declaring such methods as 'static'.
10:09:09.267 logback [main] INFO  o.s.c.s.PostProcessorRegistrationDelegate$BeanPostProcessorChecker - Bean 'org.springframework.transaction.annotation.ProxyTransactionManagementConfiguration' of type [org.springframework.transaction.annotation.ProxyTransactionManagementConfiguration$$EnhancerBySpringCGLIB$$661a0e46] is not eligible for getting processed by all BeanPostProcessors (for example: not eligible for auto-proxying)
10:09:10.983 logback [main] INFO  o.s.b.c.e.t.TomcatEmbeddedServletContainer - Tomcat initialized with port(s): 9090 (http)
10:09:11.002 logback [main] INFO  o.a.coyote.http11.Http11NioProtocol - Initializing ProtocolHandler ["http-nio-9090"]
10:09:11.015 logback [main] INFO  o.a.catalina.core.StandardService - Starting service [Tomcat]
10:09:11.016 logback [main] INFO  o.a.catalina.core.StandardEngine - Starting Servlet Engine: Apache Tomcat/8.5.31
10:09:11.527 logback [localhost-startStop-1] INFO  o.a.c.c.C.[.[.[/tunnel_app] - Initializing Spring embedded WebApplicationContext
10:09:11.527 logback [localhost-startStop-1] INFO  o.s.web.context.ContextLoader - Root WebApplicationContext: initialization completed in 9475 ms
10:09:12.085 logback [localhost-startStop-1] INFO  o.s.b.w.s.ServletRegistrationBean - Mapping servlet: 'statViewServlet' to [/druid/*]
10:09:12.086 logback [localhost-startStop-1] INFO  o.s.b.w.s.ServletRegistrationBean - Mapping servlet: 'dispatcherServlet' to [/]
10:09:12.087 logback [localhost-startStop-1] INFO  o.s.b.w.s.ServletRegistrationBean - Mapping servlet: 'statViewServlet' to [/druid/*]
10:09:12.087 logback [localhost-startStop-1] INFO  o.s.b.w.s.ServletRegistrationBean - Servlet statViewServlet was not registered (possibly already registered?)
10:09:12.090 logback [localhost-startStop-1] INFO  o.s.b.w.s.FilterRegistrationBean - Mapping filter: 'characterEncodingFilter' to: [/*]
10:09:12.091 logback [localhost-startStop-1] INFO  o.s.b.w.s.FilterRegistrationBean - Mapping filter: 'hiddenHttpMethodFilter' to: [/*]
10:09:12.091 logback [localhost-startStop-1] INFO  o.s.b.w.s.FilterRegistrationBean - Mapping filter: 'httpPutFormContentFilter' to: [/*]
10:09:12.091 logback [localhost-startStop-1] INFO  o.s.b.w.s.FilterRegistrationBean - Mapping filter: 'requestContextFilter' to: [/*]
10:09:12.091 logback [localhost-startStop-1] INFO  o.s.b.w.s.FilterRegistrationBean - Mapping filter: 'webStatFilter' to urls: [/*]
10:09:12.091 logback [localhost-startStop-1] INFO  o.s.b.w.s.FilterRegistrationBean - Filter webStatFilter was not registered (possibly already registered?)
10:09:12.291 logback [main] INFO  c.a.d.s.b.a.DruidDataSourceAutoConfigure - Init DruidDataSource
10:09:13.174 logback [main] INFO  c.alibaba.druid.pool.DruidDataSource - {dataSource-1} inited
10:09:16.969 logback [main] INFO  o.s.w.s.m.m.a.RequestMappingHandlerMapping - Mapped "{[/app/fault/plan/list],methods=[POST]}" onto public com.company.project.core.Result com.company.project.module.app.web.AppFaultController.list(com.company.project.core.model.QueryRequest,javax.servlet.http.HttpSession)
10:09:16.971 logback [main] INFO  o.s.w.s.m.m.a.RequestMappingHandlerMapping - Mapped "{[/app/fault/plan/getPlanDetailByUuid],methods=[POST]}" onto public com.company.project.core.Result com.company.project.module.app.web.AppFaultController.getPlanDetailByUuid(com.company.project.core.model.QueryRequest,javax.servlet.http.HttpSession)
10:09:16.972 logback [main] INFO  o.s.w.s.m.m.a.RequestMappingHandlerMapping - Mapped "{[/app/fault/plan/getXfPlan],methods=[POST]}" onto public com.company.project.core.Result com.company.project.module.app.web.AppFaultController.getXfPlan(com.company.project.core.model.QueryRequest,javax.servlet.http.HttpSession)
10:09:16.972 logback [main] INFO  o.s.w.s.m.m.a.RequestMappingHandlerMapping - Mapped "{[/app/fault/plan/oldUploadByPlan],methods=[POST]}" onto public com.company.project.core.Result com.company.project.module.app.web.AppFaultController.oldUploadByPlan(com.company.project.core.model.QueryRequest,javax.servlet.http.HttpSession)
10:09:16.973 logback [main] INFO  o.s.w.s.m.m.a.RequestMappingHandlerMapping - Mapped "{[/app/fault/plan/uploadByPlan],methods=[POST]}" onto public com.company.project.core.Result com.company.project.module.app.web.AppFaultController.uploadByPlan(com.company.project.core.model.QueryRequest,javax.servlet.http.HttpSession)
10:09:16.973 logback [main] INFO  o.s.w.s.m.m.a.RequestMappingHandlerMapping - Mapped "{[/app/fault/plan/receivePlanStatus],methods=[POST]}" onto public com.company.project.core.Result com.company.project.module.app.web.AppFaultController.receivePlan(com.company.project.core.model.QueryRequest,javax.servlet.http.HttpSession)
10:09:16.974 logback [main] INFO  o.s.w.s.m.m.a.RequestMappingHandlerMapping - Mapped "{[/app/fault/plan/uploadByFault],methods=[POST]}" onto public com.company.project.core.Result com.company.project.module.app.web.AppFaultController.uploadByFault(com.company.project.core.model.QueryRequest,javax.servlet.http.HttpSession)
10:09:16.974 logback [main] INFO  o.s.w.s.m.m.a.RequestMappingHandlerMapping - Mapped "{[/app/fault/plan/oldUploadByFault],methods=[POST]}" onto public com.company.project.core.Result com.company.project.module.app.web.AppFaultController.oldUploadByFault(com.company.project.core.model.QueryRequest,javax.servlet.http.HttpSession)
10:09:16.977 logback [main] INFO  o.s.w.s.m.m.a.RequestMappingHandlerMapping - Mapped "{[/module/app/file/downfile],methods=[GET]}" onto public void com.company.project.module.app.web.AppFileController.downFile(java.lang.String,javax.servlet.http.HttpServletRequest,javax.servlet.http.HttpServletResponse) throws java.io.UnsupportedEncodingException,java.net.MalformedURLException
10:09:16.978 logback [main] INFO  o.s.w.s.m.m.a.RequestMappingHandlerMapping - Mapped "{[/module/app/file/base64Upload],methods=[POST]}" onto public com.company.project.core.Result com.company.project.module.app.web.AppFileController.base64Upload(java.util.Map)
10:09:16.979 logback [main] INFO  o.s.w.s.m.m.a.RequestMappingHandlerMapping - Mapped "{[/module/app/file/upload],methods=[POST]}" onto public com.company.project.core.Result com.company.project.module.app.web.AppFileController.Fileupload(org.springframework.web.multipart.MultipartFile,java.lang.String)
10:09:16.980 logback [main] INFO  o.s.w.s.m.m.a.RequestMappingHandlerMapping - Mapped "{[/app/info/getVersion],methods=[POST]}" onto public com.company.project.core.Result com.company.project.module.app.web.AppInfoController.getVersion(com.company.project.core.model.QueryRequest,javax.servlet.http.HttpSession)
10:09:16.981 logback [main] INFO  o.s.w.s.m.m.a.RequestMappingHandlerMapping - Mapped "{[/app/info/dict],methods=[POST]}" onto public com.company.project.core.Result com.company.project.module.app.web.AppInfoController.getDict(com.company.project.core.model.QueryRequest)
10:09:16.982 logback [main] INFO  o.s.w.s.m.m.a.RequestMappingHandlerMapping - Mapped "{[/app/info/getDeviceInfo],methods=[POST]}" onto public com.company.project.core.Result com.company.project.module.app.web.AppInfoController.getDeviceInfo()
10:09:16.982 logback [main] INFO  o.s.w.s.m.m.a.RequestMappingHandlerMapping - Mapped "{[/app/info/getBaseInfo],methods=[POST]}" onto public com.company.project.core.Result com.company.project.module.app.web.AppInfoController.getBaseInfo(com.company.project.core.model.QueryRequest)
10:09:16.987 logback [main] INFO  o.s.w.s.m.m.a.RequestMappingHandlerMapping - Mapped "{[/app/loginVerify],methods=[POST]}" onto public com.company.project.core.Result com.company.project.module.app.web.AppLoginController.isLogin(java.lang.String,java.lang.String,javax.servlet.http.HttpSession)
10:09:16.989 logback [main] INFO  o.s.w.s.m.m.a.RequestMappingHandlerMapping - Mapped "{[/app/logout],methods=[POST]}" onto public com.company.project.core.Result com.company.project.module.app.web.AppLoginController.logout(javax.servlet.http.HttpSession)
10:09:16.990 logback [main] INFO  o.s.w.s.m.m.a.RequestMappingHandlerMapping - Mapped "{[/app/changePassword],methods=[POST]}" onto public com.company.project.core.Result com.company.project.module.app.web.AppLoginController.changePassword(java.lang.String,java.lang.String,javax.servlet.http.HttpServletRequest)
10:09:16.993 logback [main] INFO  o.s.w.s.m.m.a.RequestMappingHandlerMapping - Mapped "{[/swagger-resources/configuration/ui]}" onto public org.springframework.http.ResponseEntity<springfox.documentation.swagger.web.UiConfiguration> springfox.documentation.swagger.web.ApiResourceController.uiConfiguration()
10:09:16.994 logback [main] INFO  o.s.w.s.m.m.a.RequestMappingHandlerMapping - Mapped "{[/swagger-resources]}" onto public org.springframework.http.ResponseEntity<java.util.List<springfox.documentation.swagger.web.SwaggerResource>> springfox.documentation.swagger.web.ApiResourceController.swaggerResources()
10:09:16.994 logback [main] INFO  o.s.w.s.m.m.a.RequestMappingHandlerMapping - Mapped "{[/swagger-resources/configuration/security]}" onto public org.springframework.http.ResponseEntity<springfox.documentation.swagger.web.SecurityConfiguration> springfox.documentation.swagger.web.ApiResourceController.securityConfiguration()
10:09:16.996 logback [main] INFO  o.s.w.s.m.m.a.RequestMappingHandlerMapping - Mapped "{[/error]}" onto public org.springframework.http.ResponseEntity<java.util.Map<java.lang.String, java.lang.Object>> org.springframework.boot.autoconfigure.web.BasicErrorController.error(javax.servlet.http.HttpServletRequest)
10:09:16.997 logback [main] INFO  o.s.w.s.m.m.a.RequestMappingHandlerMapping - Mapped "{[/error],produces=[text/html]}" onto public org.springframework.web.servlet.ModelAndView org.springframework.boot.autoconfigure.web.BasicErrorController.errorHtml(javax.servlet.http.HttpServletRequest,javax.servlet.http.HttpServletResponse)
10:09:17.382 logback [main] INFO  s.d.s.w.PropertySourcedRequestMappingHandlerMapping - Mapped URL path [/v2/api-docs] onto method [public org.springframework.http.ResponseEntity<springfox.documentation.spring.web.json.Json> springfox.documentation.swagger2.web.Swagger2Controller.getDocumentation(java.lang.String,javax.servlet.http.HttpServletRequest)]
10:09:18.075 logback [main] INFO  o.s.w.s.m.m.a.RequestMappingHandlerAdapter - Looking for @ControllerAdvice: org.springframework.boot.context.embedded.AnnotationConfigEmbeddedWebApplicationContext@1af687fe: startup date [Wed Jan 15 10:09:02 CST 2020]; root of context hierarchy
10:09:18.237 logback [main] INFO  o.s.w.s.h.SimpleUrlHandlerMapping - Mapped URL path [/static/**] onto handler of type [class org.springframework.web.servlet.resource.ResourceHttpRequestHandler]
10:09:18.237 logback [main] INFO  o.s.w.s.h.SimpleUrlHandlerMapping - Mapped URL path [/swagger-ui.html] onto handler of type [class org.springframework.web.servlet.resource.ResourceHttpRequestHandler]
10:09:18.237 logback [main] INFO  o.s.w.s.h.SimpleUrlHandlerMapping - Mapped URL path [/webjars/**] onto handler of type [class org.springframework.web.servlet.resource.ResourceHttpRequestHandler]
10:09:18.325 logback [main] INFO  o.s.w.s.h.SimpleUrlHandlerMapping - Mapped URL path [/**/favicon.ico] onto handler of type [class org.springframework.web.servlet.resource.ResourceHttpRequestHandler]
10:09:19.583 logback [main] INFO  o.s.j.e.a.AnnotationMBeanExporter - Registering beans for JMX exposure on startup
10:09:19.588 logback [main] INFO  o.s.j.e.a.AnnotationMBeanExporter - Bean with name 'statFilter' has been autodetected for JMX exposure
10:09:19.588 logback [main] INFO  o.s.j.e.a.AnnotationMBeanExporter - Bean with name 'dataSource' has been autodetected for JMX exposure
10:09:19.598 logback [main] INFO  o.s.j.e.a.AnnotationMBeanExporter - Located MBean 'dataSource': registering with JMX server as MBean [com.alibaba.druid.spring.boot.autoconfigure:name=dataSource,type=DruidDataSourceWrapper]
10:09:19.599 logback [main] INFO  o.s.j.e.a.AnnotationMBeanExporter - Located MBean 'statFilter': registering with JMX server as MBean [com.alibaba.druid.filter.stat:name=statFilter,type=StatFilter]
10:09:19.605 logback [main] INFO  o.s.c.s.DefaultLifecycleProcessor - Starting beans in phase 2147483647
10:09:19.605 logback [main] INFO  s.d.s.w.p.DocumentationPluginsBootstrapper - Context refreshed
10:09:19.725 logback [main] INFO  s.d.s.w.p.DocumentationPluginsBootstrapper - Found 1 custom documentation plugin(s)
10:09:19.812 logback [main] INFO  s.d.s.w.s.ApiListingReferenceScanner - Scanning for api listing references
10:09:20.375 logback [main] INFO  o.a.coyote.http11.Http11NioProtocol - Starting ProtocolHandler ["http-nio-9090"]
10:09:20.388 logback [main] INFO  o.a.tomcat.util.net.NioSelectorPool - Using a shared selector for servlet write/read
10:09:20.494 logback [main] INFO  o.s.b.c.e.t.TomcatEmbeddedServletContainer - Tomcat started on port(s): 9090 (http)
10:09:20.506 logback [main] INFO  c.c.project.TunnelAppApplication - Started TunnelAppApplication in 20.29 seconds (JVM running for 23.455)
10:10:00.383 logback [http-nio-9090-exec-2] INFO  o.a.c.c.C.[.[.[/tunnel_app] - Initializing Spring FrameworkServlet 'dispatcherServlet'
10:10:00.384 logback [http-nio-9090-exec-2] INFO  o.s.web.servlet.DispatcherServlet - FrameworkServlet 'dispatcherServlet': initialization started
10:10:00.419 logback [http-nio-9090-exec-2] INFO  o.s.web.servlet.DispatcherServlet - FrameworkServlet 'dispatcherServlet': initialization completed in 35 ms
10:23:46.203 logback [http-nio-9090-exec-2] ERROR c.c.p.m.app.web.AppFaultController - 上传失败!
java.lang.NullPointerException: null
	at com.company.project.module.app.service.impl.AppFaultServiceImpl.uploadPlanData(AppFaultServiceImpl.java:286)
	at com.company.project.module.app.service.impl.AppFaultServiceImpl$$FastClassBySpringCGLIB$$189d7e9b.invoke(<generated>)
	at org.springframework.cglib.proxy.MethodProxy.invoke(MethodProxy.java:204)
	at org.springframework.aop.framework.CglibAopProxy$CglibMethodInvocation.invokeJoinpoint(CglibAopProxy.java:736)
	at org.springframework.aop.framework.ReflectiveMethodInvocation.proceed(ReflectiveMethodInvocation.java:157)
	at org.springframework.transaction.interceptor.TransactionInterceptor$1.proceedWithInvocation(TransactionInterceptor.java:99)
	at org.springframework.transaction.interceptor.TransactionAspectSupport.invokeWithinTransaction(TransactionAspectSupport.java:282)
	at org.springframework.transaction.interceptor.TransactionInterceptor.invoke(TransactionInterceptor.java:96)
	at org.springframework.aop.framework.ReflectiveMethodInvocation.proceed(ReflectiveMethodInvocation.java:179)
	at org.springframework.aop.framework.CglibAopProxy$DynamicAdvisedInterceptor.intercept(CglibAopProxy.java:671)
	at com.company.project.module.app.service.impl.AppFaultServiceImpl$$EnhancerBySpringCGLIB$$be24626.uploadPlanData(<generated>)
	at com.company.project.module.app.web.AppFaultController.uploadByPlan(AppFaultController.java:113)
	at sun.reflect.NativeMethodAccessorImpl.invoke0(Native Method)
	at sun.reflect.NativeMethodAccessorImpl.invoke(NativeMethodAccessorImpl.java:62)
	at sun.reflect.DelegatingMethodAccessorImpl.invoke(DelegatingMethodAccessorImpl.java:43)
	at java.lang.reflect.Method.invoke(Method.java:498)
	at org.springframework.web.method.support.InvocableHandlerMethod.doInvoke(InvocableHandlerMethod.java:205)
	at org.springframework.web.method.support.InvocableHandlerMethod.invokeForRequest(InvocableHandlerMethod.java:133)
	at org.springframework.web.servlet.mvc.method.annotation.ServletInvocableHandlerMethod.invokeAndHandle(ServletInvocableHandlerMethod.java:97)
	at org.springframework.web.servlet.mvc.method.annotation.RequestMappingHandlerAdapter.invokeHandlerMethod(RequestMappingHandlerAdapter.java:827)
	at org.springframework.web.servlet.mvc.method.annotation.RequestMappingHandlerAdapter.handleInternal(RequestMappingHandlerAdapter.java:738)
	at org.springframework.web.servlet.mvc.method.AbstractHandlerMethodAdapter.handle(AbstractHandlerMethodAdapter.java:85)
	at org.springframework.web.servlet.DispatcherServlet.doDispatch(DispatcherServlet.java:967)
	at org.springframework.web.servlet.DispatcherServlet.doService(DispatcherServlet.java:901)
	at org.springframework.web.servlet.FrameworkServlet.processRequest(FrameworkServlet.java:970)
	at org.springframework.web.servlet.FrameworkServlet.doPost(FrameworkServlet.java:872)
	at javax.servlet.http.HttpServlet.service(HttpServlet.java:707)
	at org.springframework.web.servlet.FrameworkServlet.service(FrameworkServlet.java:846)
	at javax.servlet.http.HttpServlet.service(HttpServlet.java:790)
	at org.apache.catalina.core.ApplicationFilterChain.internalDoFilter(ApplicationFilterChain.java:231)
	at org.apache.catalina.core.ApplicationFilterChain.doFilter(ApplicationFilterChain.java:166)
	at org.apache.tomcat.websocket.server.WsFilter.doFilter(WsFilter.java:52)
	at org.apache.catalina.core.ApplicationFilterChain.internalDoFilter(ApplicationFilterChain.java:193)
	at org.apache.catalina.core.ApplicationFilterChain.doFilter(ApplicationFilterChain.java:166)
	at com.alibaba.druid.support.http.WebStatFilter.doFilter(WebStatFilter.java:123)
	at org.apache.catalina.core.ApplicationFilterChain.internalDoFilter(ApplicationFilterChain.java:193)
	at org.apache.catalina.core.ApplicationFilterChain.doFilter(ApplicationFilterChain.java:166)
	at org.springframework.web.filter.RequestContextFilter.doFilterInternal(RequestContextFilter.java:99)
	at org.springframework.web.filter.OncePerRequestFilter.doFilter(OncePerRequestFilter.java:107)
	at org.apache.catalina.core.ApplicationFilterChain.internalDoFilter(ApplicationFilterChain.java:193)
	at org.apache.catalina.core.ApplicationFilterChain.doFilter(ApplicationFilterChain.java:166)
	at org.springframework.web.filter.HttpPutFormContentFilter.doFilterInternal(HttpPutFormContentFilter.java:109)
	at org.springframework.web.filter.OncePerRequestFilter.doFilter(OncePerRequestFilter.java:107)
	at org.apache.catalina.core.ApplicationFilterChain.internalDoFilter(ApplicationFilterChain.java:193)
	at org.apache.catalina.core.ApplicationFilterChain.doFilter(ApplicationFilterChain.java:166)
	at org.springframework.web.filter.HiddenHttpMethodFilter.doFilterInternal(HiddenHttpMethodFilter.java:81)
	at org.springframework.web.filter.OncePerRequestFilter.doFilter(OncePerRequestFilter.java:107)
	at org.apache.catalina.core.ApplicationFilterChain.internalDoFilter(ApplicationFilterChain.java:193)
	at org.apache.catalina.core.ApplicationFilterChain.doFilter(ApplicationFilterChain.java:166)
	at org.springframework.web.filter.CharacterEncodingFilter.doFilterInternal(CharacterEncodingFilter.java:197)
	at org.springframework.web.filter.OncePerRequestFilter.doFilter(OncePerRequestFilter.java:107)
	at org.apache.catalina.core.ApplicationFilterChain.internalDoFilter(ApplicationFilterChain.java:193)
	at org.apache.catalina.core.ApplicationFilterChain.doFilter(ApplicationFilterChain.java:166)
	at org.apache.catalina.core.StandardWrapperValve.invoke(StandardWrapperValve.java:198)
	at org.apache.catalina.core.StandardContextValve.invoke(StandardContextValve.java:96)
	at org.apache.catalina.authenticator.AuthenticatorBase.invoke(AuthenticatorBase.java:496)
	at org.apache.catalina.core.StandardHostValve.invoke(StandardHostValve.java:140)
	at org.apache.catalina.valves.ErrorReportValve.invoke(ErrorReportValve.java:81)
	at org.apache.catalina.core.StandardEngineValve.invoke(StandardEngineValve.java:87)
	at org.apache.catalina.connector.CoyoteAdapter.service(CoyoteAdapter.java:342)
	at org.apache.coyote.http11.Http11Processor.service(Http11Processor.java:803)
	at org.apache.coyote.AbstractProcessorLight.process(AbstractProcessorLight.java:66)
	at org.apache.coyote.AbstractProtocol$ConnectionHandler.process(AbstractProtocol.java:790)
	at org.apache.tomcat.util.net.NioEndpoint$SocketProcessor.doRun(NioEndpoint.java:1468)
	at org.apache.tomcat.util.net.SocketProcessorBase.run(SocketProcessorBase.java:49)
	at java.util.concurrent.ThreadPoolExecutor.runWorker(ThreadPoolExecutor.java:1149)
	at java.util.concurrent.ThreadPoolExecutor$Worker.run(ThreadPoolExecutor.java:624)
	at org.apache.tomcat.util.threads.TaskThread$WrappingRunnable.run(TaskThread.java:61)
	at java.lang.Thread.run(Thread.java:748)
10:28:45.350 logback [Thread-34] INFO  o.s.b.c.e.AnnotationConfigEmbeddedWebApplicationContext - Closing org.springframework.boot.context.embedded.AnnotationConfigEmbeddedWebApplicationContext@1af687fe: startup date [Wed Jan 15 10:09:02 CST 2020]; root of context hierarchy
10:28:45.352 logback [Thread-34] INFO  o.s.c.s.DefaultLifecycleProcessor - Stopping beans in phase 2147483647
10:28:45.353 logback [Thread-34] INFO  o.s.j.e.a.AnnotationMBeanExporter - Unregistering JMX-exposed beans on shutdown
10:28:45.353 logback [Thread-34] INFO  o.s.j.e.a.AnnotationMBeanExporter - Unregistering JMX-exposed beans
10:28:45.368 logback [Thread-34] INFO  c.alibaba.druid.pool.DruidDataSource - {dataSource-1} closed
10:32:56.550 logback [main] INFO  c.c.project.TunnelAppApplication - Starting TunnelAppApplication on java01 with PID 2956 (D:\workspace\ddy_tunnel\trunk\demo\tunnel_app\target\classes started by Administrator in D:\workspace\ddy_tunnel\trunk\demo\tunnel_device)
10:32:56.554 logback [main] INFO  c.c.project.TunnelAppApplication - The following profiles are active: dev
10:32:56.613 logback [main] INFO  o.s.b.c.e.AnnotationConfigEmbeddedWebApplicationContext - Refreshing org.springframework.boot.context.embedded.AnnotationConfigEmbeddedWebApplicationContext@3e14c16d: startup date [Wed Jan 15 10:32:56 CST 2020]; root of context hierarchy
10:32:56.805 logback [background-preinit] INFO  o.h.validator.internal.util.Version - HV000001: Hibernate Validator 5.3.6.Final
10:32:57.738 logback [main] INFO  o.s.d.r.c.RepositoryConfigurationDelegate - Multiple Spring Data modules found, entering strict repository configuration mode!
10:32:57.964 logback [main] WARN  o.s.c.a.ConfigurationClassPostProcessor - Cannot enhance @Configuration bean definition 'mybatisConfigurer' since its singleton instance has been created too early. The typical cause is a non-static @Bean method with a BeanDefinitionRegistryPostProcessor return type: Consider declaring such methods as 'static'.
10:32:58.378 logback [main] INFO  o.s.c.s.PostProcessorRegistrationDelegate$BeanPostProcessorChecker - Bean 'org.springframework.transaction.annotation.ProxyTransactionManagementConfiguration' of type [org.springframework.transaction.annotation.ProxyTransactionManagementConfiguration$$EnhancerBySpringCGLIB$$beef4f47] is not eligible for getting processed by all BeanPostProcessors (for example: not eligible for auto-proxying)
10:32:58.947 logback [main] INFO  o.s.b.c.e.t.TomcatEmbeddedServletContainer - Tomcat initialized with port(s): 9090 (http)
10:32:58.961 logback [main] INFO  o.a.coyote.http11.Http11NioProtocol - Initializing ProtocolHandler ["http-nio-9090"]
10:32:58.972 logback [main] INFO  o.a.catalina.core.StandardService - Starting service [Tomcat]
10:32:58.972 logback [main] INFO  o.a.catalina.core.StandardEngine - Starting Servlet Engine: Apache Tomcat/8.5.31
10:32:59.126 logback [localhost-startStop-1] INFO  o.a.c.c.C.[.[.[/tunnel_app] - Initializing Spring embedded WebApplicationContext
10:32:59.126 logback [localhost-startStop-1] INFO  o.s.web.context.ContextLoader - Root WebApplicationContext: initialization completed in 2513 ms
10:32:59.448 logback [localhost-startStop-1] INFO  o.s.b.w.s.ServletRegistrationBean - Mapping servlet: 'statViewServlet' to [/druid/*]
10:32:59.449 logback [localhost-startStop-1] INFO  o.s.b.w.s.ServletRegistrationBean - Mapping servlet: 'dispatcherServlet' to [/]
10:32:59.450 logback [localhost-startStop-1] INFO  o.s.b.w.s.ServletRegistrationBean - Mapping servlet: 'statViewServlet' to [/druid/*]
10:32:59.450 logback [localhost-startStop-1] INFO  o.s.b.w.s.ServletRegistrationBean - Servlet statViewServlet was not registered (possibly already registered?)
10:32:59.453 logback [localhost-startStop-1] INFO  o.s.b.w.s.FilterRegistrationBean - Mapping filter: 'characterEncodingFilter' to: [/*]
10:32:59.454 logback [localhost-startStop-1] INFO  o.s.b.w.s.FilterRegistrationBean - Mapping filter: 'hiddenHttpMethodFilter' to: [/*]
10:32:59.454 logback [localhost-startStop-1] INFO  o.s.b.w.s.FilterRegistrationBean - Mapping filter: 'httpPutFormContentFilter' to: [/*]
10:32:59.454 logback [localhost-startStop-1] INFO  o.s.b.w.s.FilterRegistrationBean - Mapping filter: 'requestContextFilter' to: [/*]
10:32:59.454 logback [localhost-startStop-1] INFO  o.s.b.w.s.FilterRegistrationBean - Mapping filter: 'webStatFilter' to urls: [/*]
10:32:59.454 logback [localhost-startStop-1] INFO  o.s.b.w.s.FilterRegistrationBean - Filter webStatFilter was not registered (possibly already registered?)
10:32:59.573 logback [main] INFO  c.a.d.s.b.a.DruidDataSourceAutoConfigure - Init DruidDataSource
10:33:00.145 logback [main] INFO  c.alibaba.druid.pool.DruidDataSource - {dataSource-1} inited
10:33:01.929 logback [main] INFO  o.s.w.s.m.m.a.RequestMappingHandlerMapping - Mapped "{[/app/fault/plan/list],methods=[POST]}" onto public com.company.project.core.Result com.company.project.module.app.web.AppFaultController.list(com.company.project.core.model.QueryRequest,javax.servlet.http.HttpSession)
10:33:01.930 logback [main] INFO  o.s.w.s.m.m.a.RequestMappingHandlerMapping - Mapped "{[/app/fault/plan/getPlanDetailByUuid],methods=[POST]}" onto public com.company.project.core.Result com.company.project.module.app.web.AppFaultController.getPlanDetailByUuid(com.company.project.core.model.QueryRequest,javax.servlet.http.HttpSession)
10:33:01.931 logback [main] INFO  o.s.w.s.m.m.a.RequestMappingHandlerMapping - Mapped "{[/app/fault/plan/getXfPlan],methods=[POST]}" onto public com.company.project.core.Result com.company.project.module.app.web.AppFaultController.getXfPlan(com.company.project.core.model.QueryRequest,javax.servlet.http.HttpSession)
10:33:01.931 logback [main] INFO  o.s.w.s.m.m.a.RequestMappingHandlerMapping - Mapped "{[/app/fault/plan/uploadByPlan],methods=[POST]}" onto public com.company.project.core.Result com.company.project.module.app.web.AppFaultController.uploadByPlan(com.company.project.core.model.QueryRequest,javax.servlet.http.HttpSession)
10:33:01.932 logback [main] INFO  o.s.w.s.m.m.a.RequestMappingHandlerMapping - Mapped "{[/app/fault/plan/uploadByFault],methods=[POST]}" onto public com.company.project.core.Result com.company.project.module.app.web.AppFaultController.uploadByFault(com.company.project.core.model.QueryRequest,javax.servlet.http.HttpSession)
10:33:01.932 logback [main] INFO  o.s.w.s.m.m.a.RequestMappingHandlerMapping - Mapped "{[/app/fault/plan/receivePlanStatus],methods=[POST]}" onto public com.company.project.core.Result com.company.project.module.app.web.AppFaultController.receivePlan(com.company.project.core.model.QueryRequest,javax.servlet.http.HttpSession)
10:33:01.933 logback [main] INFO  o.s.w.s.m.m.a.RequestMappingHandlerMapping - Mapped "{[/app/fault/plan/oldUploadByFault],methods=[POST]}" onto public com.company.project.core.Result com.company.project.module.app.web.AppFaultController.oldUploadByFault(com.company.project.core.model.QueryRequest,javax.servlet.http.HttpSession)
10:33:01.933 logback [main] INFO  o.s.w.s.m.m.a.RequestMappingHandlerMapping - Mapped "{[/app/fault/plan/oldUploadByPlan],methods=[POST]}" onto public com.company.project.core.Result com.company.project.module.app.web.AppFaultController.oldUploadByPlan(com.company.project.core.model.QueryRequest,javax.servlet.http.HttpSession)
10:33:01.935 logback [main] INFO  o.s.w.s.m.m.a.RequestMappingHandlerMapping - Mapped "{[/module/app/file/downfile],methods=[GET]}" onto public void com.company.project.module.app.web.AppFileController.downFile(java.lang.String,javax.servlet.http.HttpServletRequest,javax.servlet.http.HttpServletResponse) throws java.io.UnsupportedEncodingException,java.net.MalformedURLException
10:33:01.935 logback [main] INFO  o.s.w.s.m.m.a.RequestMappingHandlerMapping - Mapped "{[/module/app/file/upload],methods=[POST]}" onto public com.company.project.core.Result com.company.project.module.app.web.AppFileController.Fileupload(org.springframework.web.multipart.MultipartFile,java.lang.String)
10:33:01.936 logback [main] INFO  o.s.w.s.m.m.a.RequestMappingHandlerMapping - Mapped "{[/module/app/file/base64Upload],methods=[POST]}" onto public com.company.project.core.Result com.company.project.module.app.web.AppFileController.base64Upload(java.util.Map)
10:33:01.937 logback [main] INFO  o.s.w.s.m.m.a.RequestMappingHandlerMapping - Mapped "{[/app/info/getVersion],methods=[POST]}" onto public com.company.project.core.Result com.company.project.module.app.web.AppInfoController.getVersion(com.company.project.core.model.QueryRequest,javax.servlet.http.HttpSession)
10:33:01.937 logback [main] INFO  o.s.w.s.m.m.a.RequestMappingHandlerMapping - Mapped "{[/app/info/getBaseInfo],methods=[POST]}" onto public com.company.project.core.Result com.company.project.module.app.web.AppInfoController.getBaseInfo(com.company.project.core.model.QueryRequest)
10:33:01.938 logback [main] INFO  o.s.w.s.m.m.a.RequestMappingHandlerMapping - Mapped "{[/app/info/dict],methods=[POST]}" onto public com.company.project.core.Result com.company.project.module.app.web.AppInfoController.getDict(com.company.project.core.model.QueryRequest)
10:33:01.938 logback [main] INFO  o.s.w.s.m.m.a.RequestMappingHandlerMapping - Mapped "{[/app/info/getDeviceInfo],methods=[POST]}" onto public com.company.project.core.Result com.company.project.module.app.web.AppInfoController.getDeviceInfo()
10:33:01.942 logback [main] INFO  o.s.w.s.m.m.a.RequestMappingHandlerMapping - Mapped "{[/app/loginVerify],methods=[POST]}" onto public com.company.project.core.Result com.company.project.module.app.web.AppLoginController.isLogin(java.lang.String,java.lang.String,javax.servlet.http.HttpSession)
10:33:01.943 logback [main] INFO  o.s.w.s.m.m.a.RequestMappingHandlerMapping - Mapped "{[/app/logout],methods=[POST]}" onto public com.company.project.core.Result com.company.project.module.app.web.AppLoginController.logout(javax.servlet.http.HttpSession)
10:33:01.944 logback [main] INFO  o.s.w.s.m.m.a.RequestMappingHandlerMapping - Mapped "{[/app/changePassword],methods=[POST]}" onto public com.company.project.core.Result com.company.project.module.app.web.AppLoginController.changePassword(java.lang.String,java.lang.String,javax.servlet.http.HttpServletRequest)
10:33:01.947 logback [main] INFO  o.s.w.s.m.m.a.RequestMappingHandlerMapping - Mapped "{[/swagger-resources/configuration/security]}" onto public org.springframework.http.ResponseEntity<springfox.documentation.swagger.web.SecurityConfiguration> springfox.documentation.swagger.web.ApiResourceController.securityConfiguration()
10:33:01.949 logback [main] INFO  o.s.w.s.m.m.a.RequestMappingHandlerMapping - Mapped "{[/swagger-resources]}" onto public org.springframework.http.ResponseEntity<java.util.List<springfox.documentation.swagger.web.SwaggerResource>> springfox.documentation.swagger.web.ApiResourceController.swaggerResources()
10:33:01.949 logback [main] INFO  o.s.w.s.m.m.a.RequestMappingHandlerMapping - Mapped "{[/swagger-resources/configuration/ui]}" onto public org.springframework.http.ResponseEntity<springfox.documentation.swagger.web.UiConfiguration> springfox.documentation.swagger.web.ApiResourceController.uiConfiguration()
10:33:01.952 logback [main] INFO  o.s.w.s.m.m.a.RequestMappingHandlerMapping - Mapped "{[/error]}" onto public org.springframework.http.ResponseEntity<java.util.Map<java.lang.String, java.lang.Object>> org.springframework.boot.autoconfigure.web.BasicErrorController.error(javax.servlet.http.HttpServletRequest)
10:33:01.953 logback [main] INFO  o.s.w.s.m.m.a.RequestMappingHandlerMapping - Mapped "{[/error],produces=[text/html]}" onto public org.springframework.web.servlet.ModelAndView org.springframework.boot.autoconfigure.web.BasicErrorController.errorHtml(javax.servlet.http.HttpServletRequest,javax.servlet.http.HttpServletResponse)
10:33:02.233 logback [main] INFO  s.d.s.w.PropertySourcedRequestMappingHandlerMapping - Mapped URL path [/v2/api-docs] onto method [public org.springframework.http.ResponseEntity<springfox.documentation.spring.web.json.Json> springfox.documentation.swagger2.web.Swagger2Controller.getDocumentation(java.lang.String,javax.servlet.http.HttpServletRequest)]
10:33:02.640 logback [main] INFO  o.s.w.s.m.m.a.RequestMappingHandlerAdapter - Looking for @ControllerAdvice: org.springframework.boot.context.embedded.AnnotationConfigEmbeddedWebApplicationContext@3e14c16d: startup date [Wed Jan 15 10:32:56 CST 2020]; root of context hierarchy
10:33:02.720 logback [main] INFO  o.s.w.s.h.SimpleUrlHandlerMapping - Mapped URL path [/static/**] onto handler of type [class org.springframework.web.servlet.resource.ResourceHttpRequestHandler]
10:33:02.720 logback [main] INFO  o.s.w.s.h.SimpleUrlHandlerMapping - Mapped URL path [/swagger-ui.html] onto handler of type [class org.springframework.web.servlet.resource.ResourceHttpRequestHandler]
10:33:02.720 logback [main] INFO  o.s.w.s.h.SimpleUrlHandlerMapping - Mapped URL path [/webjars/**] onto handler of type [class org.springframework.web.servlet.resource.ResourceHttpRequestHandler]
10:33:02.790 logback [main] INFO  o.s.w.s.h.SimpleUrlHandlerMapping - Mapped URL path [/**/favicon.ico] onto handler of type [class org.springframework.web.servlet.resource.ResourceHttpRequestHandler]
10:33:03.748 logback [main] INFO  o.s.j.e.a.AnnotationMBeanExporter - Registering beans for JMX exposure on startup
10:33:03.751 logback [main] INFO  o.s.j.e.a.AnnotationMBeanExporter - Bean with name 'statFilter' has been autodetected for JMX exposure
10:33:03.752 logback [main] INFO  o.s.j.e.a.AnnotationMBeanExporter - Bean with name 'dataSource' has been autodetected for JMX exposure
10:33:03.761 logback [main] INFO  o.s.j.e.a.AnnotationMBeanExporter - Located MBean 'dataSource': registering with JMX server as MBean [com.alibaba.druid.spring.boot.autoconfigure:name=dataSource,type=DruidDataSourceWrapper]
10:33:03.762 logback [main] INFO  o.s.j.e.a.AnnotationMBeanExporter - Located MBean 'statFilter': registering with JMX server as MBean [com.alibaba.druid.filter.stat:name=statFilter,type=StatFilter]
10:33:03.766 logback [main] INFO  o.s.c.s.DefaultLifecycleProcessor - Starting beans in phase 2147483647
10:33:03.767 logback [main] INFO  s.d.s.w.p.DocumentationPluginsBootstrapper - Context refreshed
10:33:03.794 logback [main] INFO  s.d.s.w.p.DocumentationPluginsBootstrapper - Found 1 custom documentation plugin(s)
10:33:03.836 logback [main] INFO  s.d.s.w.s.ApiListingReferenceScanner - Scanning for api listing references
10:33:04.162 logback [main] INFO  o.a.coyote.http11.Http11NioProtocol - Starting ProtocolHandler ["http-nio-9090"]
10:33:04.177 logback [main] INFO  o.a.tomcat.util.net.NioSelectorPool - Using a shared selector for servlet write/read
10:33:04.197 logback [main] INFO  o.s.b.c.e.t.TomcatEmbeddedServletContainer - Tomcat started on port(s): 9090 (http)
10:33:04.204 logback [main] INFO  c.c.project.TunnelAppApplication - Started TunnelAppApplication in 8.75 seconds (JVM running for 10.886)
10:33:28.741 logback [http-nio-9090-exec-1] INFO  o.a.c.c.C.[.[.[/tunnel_app] - Initializing Spring FrameworkServlet 'dispatcherServlet'
10:33:28.741 logback [http-nio-9090-exec-1] INFO  o.s.web.servlet.DispatcherServlet - FrameworkServlet 'dispatcherServlet': initialization started
10:33:28.782 logback [http-nio-9090-exec-1] INFO  o.s.web.servlet.DispatcherServlet - FrameworkServlet 'dispatcherServlet': initialization completed in 40 ms
10:33:47.909 logback [http-nio-9090-exec-2] WARN  c.c.p.configurer.WebMvcConfigurer - 签名认证失败，请求接口：/tunnel_app/app/fault/plan/uploadByPlan，请求IP：192.168.137.104，请求参数：{}
10:41:15.443 logback [http-nio-9090-exec-8] ERROR c.c.p.configurer.WebMvcConfigurer - 接口 [/tunnel_app/app/fault/plan/uploadByPlan] 出现异常，方法：com.company.project.module.app.web.AppFaultController.uploadByPlan，异常摘要：I/O error while reading input message; nested exception is java.io.EOFException: Unexpected EOF read on the socket
org.springframework.http.converter.HttpMessageNotReadableException: I/O error while reading input message; nested exception is java.io.EOFException: Unexpected EOF read on the socket
	at com.alibaba.fastjson.support.spring.FastJsonHttpMessageConverter.readType(FastJsonHttpMessageConverter.java:207)
	at com.alibaba.fastjson.support.spring.FastJsonHttpMessageConverter.read(FastJsonHttpMessageConverter.java:177)
	at org.springframework.web.servlet.mvc.method.annotation.AbstractMessageConverterMethodArgumentResolver.readWithMessageConverters(AbstractMessageConverterMethodArgumentResolver.java:201)
	at org.springframework.web.servlet.mvc.method.annotation.RequestResponseBodyMethodProcessor.readWithMessageConverters(RequestResponseBodyMethodProcessor.java:150)
	at org.springframework.web.servlet.mvc.method.annotation.RequestResponseBodyMethodProcessor.resolveArgument(RequestResponseBodyMethodProcessor.java:128)
	at org.springframework.web.method.support.HandlerMethodArgumentResolverComposite.resolveArgument(HandlerMethodArgumentResolverComposite.java:121)
	at org.springframework.web.method.support.InvocableHandlerMethod.getMethodArgumentValues(InvocableHandlerMethod.java:158)
	at org.springframework.web.method.support.InvocableHandlerMethod.invokeForRequest(InvocableHandlerMethod.java:128)
	at org.springframework.web.servlet.mvc.method.annotation.ServletInvocableHandlerMethod.invokeAndHandle(ServletInvocableHandlerMethod.java:97)
	at org.springframework.web.servlet.mvc.method.annotation.RequestMappingHandlerAdapter.invokeHandlerMethod(RequestMappingHandlerAdapter.java:827)
	at org.springframework.web.servlet.mvc.method.annotation.RequestMappingHandlerAdapter.handleInternal(RequestMappingHandlerAdapter.java:738)
	at org.springframework.web.servlet.mvc.method.AbstractHandlerMethodAdapter.handle(AbstractHandlerMethodAdapter.java:85)
	at org.springframework.web.servlet.DispatcherServlet.doDispatch(DispatcherServlet.java:967)
	at org.springframework.web.servlet.DispatcherServlet.doService(DispatcherServlet.java:901)
	at org.springframework.web.servlet.FrameworkServlet.processRequest(FrameworkServlet.java:970)
	at org.springframework.web.servlet.FrameworkServlet.doPost(FrameworkServlet.java:872)
	at javax.servlet.http.HttpServlet.service(HttpServlet.java:707)
	at org.springframework.web.servlet.FrameworkServlet.service(FrameworkServlet.java:846)
	at javax.servlet.http.HttpServlet.service(HttpServlet.java:790)
	at org.apache.catalina.core.ApplicationFilterChain.internalDoFilter(ApplicationFilterChain.java:231)
	at org.apache.catalina.core.ApplicationFilterChain.doFilter(ApplicationFilterChain.java:166)
	at org.apache.tomcat.websocket.server.WsFilter.doFilter(WsFilter.java:52)
	at org.apache.catalina.core.ApplicationFilterChain.internalDoFilter(ApplicationFilterChain.java:193)
	at org.apache.catalina.core.ApplicationFilterChain.doFilter(ApplicationFilterChain.java:166)
	at com.alibaba.druid.support.http.WebStatFilter.doFilter(WebStatFilter.java:123)
	at org.apache.catalina.core.ApplicationFilterChain.internalDoFilter(ApplicationFilterChain.java:193)
	at org.apache.catalina.core.ApplicationFilterChain.doFilter(ApplicationFilterChain.java:166)
	at org.springframework.web.filter.RequestContextFilter.doFilterInternal(RequestContextFilter.java:99)
	at org.springframework.web.filter.OncePerRequestFilter.doFilter(OncePerRequestFilter.java:107)
	at org.apache.catalina.core.ApplicationFilterChain.internalDoFilter(ApplicationFilterChain.java:193)
	at org.apache.catalina.core.ApplicationFilterChain.doFilter(ApplicationFilterChain.java:166)
	at org.springframework.web.filter.HttpPutFormContentFilter.doFilterInternal(HttpPutFormContentFilter.java:109)
	at org.springframework.web.filter.OncePerRequestFilter.doFilter(OncePerRequestFilter.java:107)
	at org.apache.catalina.core.ApplicationFilterChain.internalDoFilter(ApplicationFilterChain.java:193)
	at org.apache.catalina.core.ApplicationFilterChain.doFilter(ApplicationFilterChain.java:166)
	at org.springframework.web.filter.HiddenHttpMethodFilter.doFilterInternal(HiddenHttpMethodFilter.java:81)
	at org.springframework.web.filter.OncePerRequestFilter.doFilter(OncePerRequestFilter.java:107)
	at org.apache.catalina.core.ApplicationFilterChain.internalDoFilter(ApplicationFilterChain.java:193)
	at org.apache.catalina.core.ApplicationFilterChain.doFilter(ApplicationFilterChain.java:166)
	at org.springframework.web.filter.CharacterEncodingFilter.doFilterInternal(CharacterEncodingFilter.java:197)
	at org.springframework.web.filter.OncePerRequestFilter.doFilter(OncePerRequestFilter.java:107)
	at org.apache.catalina.core.ApplicationFilterChain.internalDoFilter(ApplicationFilterChain.java:193)
	at org.apache.catalina.core.ApplicationFilterChain.doFilter(ApplicationFilterChain.java:166)
	at org.apache.catalina.core.StandardWrapperValve.invoke(StandardWrapperValve.java:198)
	at org.apache.catalina.core.StandardContextValve.invoke(StandardContextValve.java:96)
	at org.apache.catalina.authenticator.AuthenticatorBase.invoke(AuthenticatorBase.java:496)
	at org.apache.catalina.core.StandardHostValve.invoke(StandardHostValve.java:140)
	at org.apache.catalina.valves.ErrorReportValve.invoke(ErrorReportValve.java:81)
	at org.apache.catalina.core.StandardEngineValve.invoke(StandardEngineValve.java:87)
	at org.apache.catalina.connector.CoyoteAdapter.service(CoyoteAdapter.java:342)
	at org.apache.coyote.http11.Http11Processor.service(Http11Processor.java:803)
	at org.apache.coyote.AbstractProcessorLight.process(AbstractProcessorLight.java:66)
	at org.apache.coyote.AbstractProtocol$ConnectionHandler.process(AbstractProtocol.java:790)
	at org.apache.tomcat.util.net.NioEndpoint$SocketProcessor.doRun(NioEndpoint.java:1468)
	at org.apache.tomcat.util.net.SocketProcessorBase.run(SocketProcessorBase.java:49)
	at java.util.concurrent.ThreadPoolExecutor.runWorker(ThreadPoolExecutor.java:1149)
	at java.util.concurrent.ThreadPoolExecutor$Worker.run(ThreadPoolExecutor.java:624)
	at org.apache.tomcat.util.threads.TaskThread$WrappingRunnable.run(TaskThread.java:61)
	at java.lang.Thread.run(Thread.java:748)
Caused by: java.io.EOFException: Unexpected EOF read on the socket
	at org.apache.coyote.http11.Http11InputBuffer.fill(Http11InputBuffer.java:730)
	at org.apache.coyote.http11.Http11InputBuffer.access$300(Http11InputBuffer.java:40)
	at org.apache.coyote.http11.Http11InputBuffer$SocketInputBuffer.doRead(Http11InputBuffer.java:1080)
	at org.apache.coyote.http11.filters.IdentityInputFilter.doRead(IdentityInputFilter.java:140)
	at org.apache.coyote.http11.Http11InputBuffer.doRead(Http11InputBuffer.java:263)
	at org.apache.coyote.Request.doRead(Request.java:581)
	at org.apache.catalina.connector.InputBuffer.realReadBytes(InputBuffer.java:326)
	at org.apache.catalina.connector.InputBuffer.checkByteBufferEof(InputBuffer.java:642)
	at org.apache.catalina.connector.InputBuffer.read(InputBuffer.java:349)
	at org.apache.catalina.connector.CoyoteInputStream.read(CoyoteInputStream.java:183)
	at java.io.FilterInputStream.read(FilterInputStream.java:133)
	at java.io.PushbackInputStream.read(PushbackInputStream.java:186)
	at com.alibaba.fastjson.JSON.parseObject(JSON.java:472)
	at com.alibaba.fastjson.support.spring.FastJsonHttpMessageConverter.readType(FastJsonHttpMessageConverter.java:203)
	... 58 common frames omitted
10:44:36.698 logback [http-nio-9090-exec-9] INFO  o.s.b.f.xml.XmlBeanDefinitionReader - Loading XML bean definitions from class path resource [org/springframework/jdbc/support/sql-error-codes.xml]
10:44:36.767 logback [http-nio-9090-exec-9] INFO  o.s.j.support.SQLErrorCodesFactory - SQLErrorCodes loaded: [DB2, Derby, H2, HDB, HSQL, Informix, MS-SQL, MySQL, Oracle, PostgreSQL, Sybase]
10:44:36.780 logback [http-nio-9090-exec-9] ERROR c.c.p.m.app.web.AppFaultController - 上传失败!
org.springframework.jdbc.BadSqlGrammarException: 
### Error updating database.  Cause: java.sql.SQLSyntaxErrorException: ORA-00903: 表名无效

### The error may involve com.company.project.module.inspect.dao.SiFaultDataMapper.saveDeviceRes-Inline
### The error occurred while setting parameters
### SQL: insert into J302_SI_DEVICE_CHECK_RES         (UUID,RES_NAME,DEVICE_UUID,PLAN_UUID,RES_TYPE,RES_PATH,DEVICE_CHECK,INSERT_DATE)         (select temp.* from (                   ) temp         )
### Cause: java.sql.SQLSyntaxErrorException: ORA-00903: 表名无效

; bad SQL grammar []; nested exception is java.sql.SQLSyntaxErrorException: ORA-00903: 表名无效

	at org.springframework.jdbc.support.SQLErrorCodeSQLExceptionTranslator.doTranslate(SQLErrorCodeSQLExceptionTranslator.java:231)
	at org.springframework.jdbc.support.AbstractFallbackSQLExceptionTranslator.translate(AbstractFallbackSQLExceptionTranslator.java:73)
	at org.mybatis.spring.MyBatisExceptionTranslator.translateExceptionIfPossible(MyBatisExceptionTranslator.java:73)
	at org.mybatis.spring.SqlSessionTemplate$SqlSessionInterceptor.invoke(SqlSessionTemplate.java:446)
	at com.sun.proxy.$Proxy93.insert(Unknown Source)
	at org.mybatis.spring.SqlSessionTemplate.insert(SqlSessionTemplate.java:278)
	at org.apache.ibatis.binding.MapperMethod.execute(MapperMethod.java:57)
	at org.apache.ibatis.binding.MapperProxy.invoke(MapperProxy.java:59)
	at com.sun.proxy.$Proxy99.saveDeviceRes(Unknown Source)
	at com.company.project.module.app.service.impl.AppFaultServiceImpl.saveDeviceRes(AppFaultServiceImpl.java:382)
	at com.company.project.module.app.service.impl.AppFaultServiceImpl.uploadPlanData(AppFaultServiceImpl.java:313)
	at com.company.project.module.app.service.impl.AppFaultServiceImpl$$FastClassBySpringCGLIB$$189d7e9b.invoke(<generated>)
	at org.springframework.cglib.proxy.MethodProxy.invoke(MethodProxy.java:204)
	at org.springframework.aop.framework.CglibAopProxy$CglibMethodInvocation.invokeJoinpoint(CglibAopProxy.java:736)
	at org.springframework.aop.framework.ReflectiveMethodInvocation.proceed(ReflectiveMethodInvocation.java:157)
	at org.springframework.transaction.interceptor.TransactionInterceptor$1.proceedWithInvocation(TransactionInterceptor.java:99)
	at org.springframework.transaction.interceptor.TransactionAspectSupport.invokeWithinTransaction(TransactionAspectSupport.java:282)
	at org.springframework.transaction.interceptor.TransactionInterceptor.invoke(TransactionInterceptor.java:96)
	at org.springframework.aop.framework.ReflectiveMethodInvocation.proceed(ReflectiveMethodInvocation.java:179)
	at org.springframework.aop.framework.CglibAopProxy$DynamicAdvisedInterceptor.intercept(CglibAopProxy.java:671)
	at com.company.project.module.app.service.impl.AppFaultServiceImpl$$EnhancerBySpringCGLIB$$e0738a77.uploadPlanData(<generated>)
	at com.company.project.module.app.web.AppFaultController.uploadByPlan(AppFaultController.java:113)
	at sun.reflect.NativeMethodAccessorImpl.invoke0(Native Method)
	at sun.reflect.NativeMethodAccessorImpl.invoke(NativeMethodAccessorImpl.java:62)
	at sun.reflect.DelegatingMethodAccessorImpl.invoke(DelegatingMethodAccessorImpl.java:43)
	at java.lang.reflect.Method.invoke(Method.java:498)
	at org.springframework.web.method.support.InvocableHandlerMethod.doInvoke(InvocableHandlerMethod.java:205)
	at org.springframework.web.method.support.InvocableHandlerMethod.invokeForRequest(InvocableHandlerMethod.java:133)
	at org.springframework.web.servlet.mvc.method.annotation.ServletInvocableHandlerMethod.invokeAndHandle(ServletInvocableHandlerMethod.java:97)
	at org.springframework.web.servlet.mvc.method.annotation.RequestMappingHandlerAdapter.invokeHandlerMethod(RequestMappingHandlerAdapter.java:827)
	at org.springframework.web.servlet.mvc.method.annotation.RequestMappingHandlerAdapter.handleInternal(RequestMappingHandlerAdapter.java:738)
	at org.springframework.web.servlet.mvc.method.AbstractHandlerMethodAdapter.handle(AbstractHandlerMethodAdapter.java:85)
	at org.springframework.web.servlet.DispatcherServlet.doDispatch(DispatcherServlet.java:967)
	at org.springframework.web.servlet.DispatcherServlet.doService(DispatcherServlet.java:901)
	at org.springframework.web.servlet.FrameworkServlet.processRequest(FrameworkServlet.java:970)
	at org.springframework.web.servlet.FrameworkServlet.doPost(FrameworkServlet.java:872)
	at javax.servlet.http.HttpServlet.service(HttpServlet.java:707)
	at org.springframework.web.servlet.FrameworkServlet.service(FrameworkServlet.java:846)
	at javax.servlet.http.HttpServlet.service(HttpServlet.java:790)
	at org.apache.catalina.core.ApplicationFilterChain.internalDoFilter(ApplicationFilterChain.java:231)
	at org.apache.catalina.core.ApplicationFilterChain.doFilter(ApplicationFilterChain.java:166)
	at org.apache.tomcat.websocket.server.WsFilter.doFilter(WsFilter.java:52)
	at org.apache.catalina.core.ApplicationFilterChain.internalDoFilter(ApplicationFilterChain.java:193)
	at org.apache.catalina.core.ApplicationFilterChain.doFilter(ApplicationFilterChain.java:166)
	at com.alibaba.druid.support.http.WebStatFilter.doFilter(WebStatFilter.java:123)
	at org.apache.catalina.core.ApplicationFilterChain.internalDoFilter(ApplicationFilterChain.java:193)
	at org.apache.catalina.core.ApplicationFilterChain.doFilter(ApplicationFilterChain.java:166)
	at org.springframework.web.filter.RequestContextFilter.doFilterInternal(RequestContextFilter.java:99)
	at org.springframework.web.filter.OncePerRequestFilter.doFilter(OncePerRequestFilter.java:107)
	at org.apache.catalina.core.ApplicationFilterChain.internalDoFilter(ApplicationFilterChain.java:193)
	at org.apache.catalina.core.ApplicationFilterChain.doFilter(ApplicationFilterChain.java:166)
	at org.springframework.web.filter.HttpPutFormContentFilter.doFilterInternal(HttpPutFormContentFilter.java:109)
	at org.springframework.web.filter.OncePerRequestFilter.doFilter(OncePerRequestFilter.java:107)
	at org.apache.catalina.core.ApplicationFilterChain.internalDoFilter(ApplicationFilterChain.java:193)
	at org.apache.catalina.core.ApplicationFilterChain.doFilter(ApplicationFilterChain.java:166)
	at org.springframework.web.filter.HiddenHttpMethodFilter.doFilterInternal(HiddenHttpMethodFilter.java:81)
	at org.springframework.web.filter.OncePerRequestFilter.doFilter(OncePerRequestFilter.java:107)
	at org.apache.catalina.core.ApplicationFilterChain.internalDoFilter(ApplicationFilterChain.java:193)
	at org.apache.catalina.core.ApplicationFilterChain.doFilter(ApplicationFilterChain.java:166)
	at org.springframework.web.filter.CharacterEncodingFilter.doFilterInternal(CharacterEncodingFilter.java:197)
	at org.springframework.web.filter.OncePerRequestFilter.doFilter(OncePerRequestFilter.java:107)
	at org.apache.catalina.core.ApplicationFilterChain.internalDoFilter(ApplicationFilterChain.java:193)
	at org.apache.catalina.core.ApplicationFilterChain.doFilter(ApplicationFilterChain.java:166)
	at org.apache.catalina.core.StandardWrapperValve.invoke(StandardWrapperValve.java:198)
	at org.apache.catalina.core.StandardContextValve.invoke(StandardContextValve.java:96)
	at org.apache.catalina.authenticator.AuthenticatorBase.invoke(AuthenticatorBase.java:496)
	at org.apache.catalina.core.StandardHostValve.invoke(StandardHostValve.java:140)
	at org.apache.catalina.valves.ErrorReportValve.invoke(ErrorReportValve.java:81)
	at org.apache.catalina.core.StandardEngineValve.invoke(StandardEngineValve.java:87)
	at org.apache.catalina.connector.CoyoteAdapter.service(CoyoteAdapter.java:342)
	at org.apache.coyote.http11.Http11Processor.service(Http11Processor.java:803)
	at org.apache.coyote.AbstractProcessorLight.process(AbstractProcessorLight.java:66)
	at org.apache.coyote.AbstractProtocol$ConnectionHandler.process(AbstractProtocol.java:790)
	at org.apache.tomcat.util.net.NioEndpoint$SocketProcessor.doRun(NioEndpoint.java:1468)
	at org.apache.tomcat.util.net.SocketProcessorBase.run(SocketProcessorBase.java:49)
	at java.util.concurrent.ThreadPoolExecutor.runWorker(ThreadPoolExecutor.java:1149)
	at java.util.concurrent.ThreadPoolExecutor$Worker.run(ThreadPoolExecutor.java:624)
	at org.apache.tomcat.util.threads.TaskThread$WrappingRunnable.run(TaskThread.java:61)
	at java.lang.Thread.run(Thread.java:748)
Caused by: java.sql.SQLSyntaxErrorException: ORA-00903: 表名无效

	at oracle.jdbc.driver.T4CTTIoer.processError(T4CTTIoer.java:445)
	at oracle.jdbc.driver.T4CTTIoer.processError(T4CTTIoer.java:396)
	at oracle.jdbc.driver.T4C8Oall.processError(T4C8Oall.java:879)
	at oracle.jdbc.driver.T4CTTIfun.receive(T4CTTIfun.java:450)
	at oracle.jdbc.driver.T4CTTIfun.doRPC(T4CTTIfun.java:192)
	at oracle.jdbc.driver.T4C8Oall.doOALL(T4C8Oall.java:531)
	at oracle.jdbc.driver.T4CPreparedStatement.doOall8(T4CPreparedStatement.java:207)
	at oracle.jdbc.driver.T4CPreparedStatement.executeForRows(T4CPreparedStatement.java:1044)
	at oracle.jdbc.driver.OracleStatement.doExecuteWithTimeout(OracleStatement.java:1329)
	at oracle.jdbc.driver.OraclePreparedStatement.executeInternal(OraclePreparedStatement.java:3584)
	at oracle.jdbc.driver.OraclePreparedStatement.execute(OraclePreparedStatement.java:3685)
	at oracle.jdbc.driver.OraclePreparedStatementWrapper.execute(OraclePreparedStatementWrapper.java:1376)
	at com.alibaba.druid.filter.FilterChainImpl.preparedStatement_execute(FilterChainImpl.java:3409)
	at com.alibaba.druid.filter.FilterEventAdapter.preparedStatement_execute(FilterEventAdapter.java:440)
	at com.alibaba.druid.filter.FilterChainImpl.preparedStatement_execute(FilterChainImpl.java:3407)
	at com.alibaba.druid.proxy.jdbc.PreparedStatementProxyImpl.execute(PreparedStatementProxyImpl.java:167)
	at com.alibaba.druid.pool.DruidPooledPreparedStatement.execute(DruidPooledPreparedStatement.java:498)
	at org.apache.ibatis.executor.statement.PreparedStatementHandler.update(PreparedStatementHandler.java:46)
	at org.apache.ibatis.executor.statement.RoutingStatementHandler.update(RoutingStatementHandler.java:74)
	at org.apache.ibatis.executor.SimpleExecutor.doUpdate(SimpleExecutor.java:50)
	at org.apache.ibatis.executor.BaseExecutor.update(BaseExecutor.java:117)
	at org.apache.ibatis.executor.CachingExecutor.update(CachingExecutor.java:76)
	at sun.reflect.NativeMethodAccessorImpl.invoke0(Native Method)
	at sun.reflect.NativeMethodAccessorImpl.invoke(NativeMethodAccessorImpl.java:62)
	at sun.reflect.DelegatingMethodAccessorImpl.invoke(DelegatingMethodAccessorImpl.java:43)
	at java.lang.reflect.Method.invoke(Method.java:498)
	at org.apache.ibatis.plugin.Plugin.invoke(Plugin.java:63)
	at com.sun.proxy.$Proxy129.update(Unknown Source)
	at org.apache.ibatis.session.defaults.DefaultSqlSession.update(DefaultSqlSession.java:198)
	at org.apache.ibatis.session.defaults.DefaultSqlSession.insert(DefaultSqlSession.java:185)
	at sun.reflect.NativeMethodAccessorImpl.invoke0(Native Method)
	at sun.reflect.NativeMethodAccessorImpl.invoke(NativeMethodAccessorImpl.java:62)
	at sun.reflect.DelegatingMethodAccessorImpl.invoke(DelegatingMethodAccessorImpl.java:43)
	at java.lang.reflect.Method.invoke(Method.java:498)
	at org.mybatis.spring.SqlSessionTemplate$SqlSessionInterceptor.invoke(SqlSessionTemplate.java:433)
	... 75 common frames omitted
11:05:32.313 logback [Thread-18] INFO  o.s.b.c.e.AnnotationConfigEmbeddedWebApplicationContext - Closing org.springframework.boot.context.embedded.AnnotationConfigEmbeddedWebApplicationContext@3e14c16d: startup date [Wed Jan 15 10:32:56 CST 2020]; root of context hierarchy
11:05:32.346 logback [Thread-18] INFO  o.s.c.s.DefaultLifecycleProcessor - Stopping beans in phase 2147483647
11:05:32.349 logback [Thread-18] INFO  o.s.j.e.a.AnnotationMBeanExporter - Unregistering JMX-exposed beans on shutdown
11:05:32.349 logback [Thread-18] INFO  o.s.j.e.a.AnnotationMBeanExporter - Unregistering JMX-exposed beans
11:05:32.358 logback [Thread-18] INFO  c.alibaba.druid.pool.DruidDataSource - {dataSource-1} closed
15:05:56.731 logback [main] INFO  c.c.project.TunnelAppApplication - Starting TunnelAppApplication on java01 with PID 6608 (D:\workspace\ddy_tunnel\trunk\demo\tunnel_app\target\classes started by Administrator in D:\workspace\ddy_tunnel\trunk\demo\tunnel_device)
15:05:56.734 logback [main] INFO  c.c.project.TunnelAppApplication - The following profiles are active: dev
15:05:56.799 logback [main] INFO  o.s.b.c.e.AnnotationConfigEmbeddedWebApplicationContext - Refreshing org.springframework.boot.context.embedded.AnnotationConfigEmbeddedWebApplicationContext@222eb8aa: startup date [Wed Jan 15 15:05:56 CST 2020]; root of context hierarchy
15:05:56.952 logback [background-preinit] INFO  o.h.validator.internal.util.Version - HV000001: Hibernate Validator 5.3.6.Final
15:05:57.744 logback [main] INFO  o.s.d.r.c.RepositoryConfigurationDelegate - Multiple Spring Data modules found, entering strict repository configuration mode!
15:05:57.941 logback [main] WARN  o.s.c.a.ConfigurationClassPostProcessor - Cannot enhance @Configuration bean definition 'mybatisConfigurer' since its singleton instance has been created too early. The typical cause is a non-static @Bean method with a BeanDefinitionRegistryPostProcessor return type: Consider declaring such methods as 'static'.
15:05:58.275 logback [main] INFO  o.s.c.s.PostProcessorRegistrationDelegate$BeanPostProcessorChecker - Bean 'org.springframework.transaction.annotation.ProxyTransactionManagementConfiguration' of type [org.springframework.transaction.annotation.ProxyTransactionManagementConfiguration$$EnhancerBySpringCGLIB$$bb0554a4] is not eligible for getting processed by all BeanPostProcessors (for example: not eligible for auto-proxying)
15:05:58.868 logback [main] INFO  o.s.b.c.e.t.TomcatEmbeddedServletContainer - Tomcat initialized with port(s): 9090 (http)
15:05:58.881 logback [main] INFO  o.a.coyote.http11.Http11NioProtocol - Initializing ProtocolHandler ["http-nio-9090"]
15:05:58.894 logback [main] INFO  o.a.catalina.core.StandardService - Starting service [Tomcat]
15:05:58.895 logback [main] INFO  o.a.catalina.core.StandardEngine - Starting Servlet Engine: Apache Tomcat/8.5.31
15:05:59.036 logback [localhost-startStop-1] INFO  o.a.c.c.C.[.[.[/tunnel_app] - Initializing Spring embedded WebApplicationContext
15:05:59.036 logback [localhost-startStop-1] INFO  o.s.web.context.ContextLoader - Root WebApplicationContext: initialization completed in 2237 ms
15:05:59.316 logback [localhost-startStop-1] INFO  o.s.b.w.s.ServletRegistrationBean - Mapping servlet: 'statViewServlet' to [/druid/*]
15:05:59.317 logback [localhost-startStop-1] INFO  o.s.b.w.s.ServletRegistrationBean - Mapping servlet: 'dispatcherServlet' to [/]
15:05:59.318 logback [localhost-startStop-1] INFO  o.s.b.w.s.ServletRegistrationBean - Mapping servlet: 'statViewServlet' to [/druid/*]
15:05:59.318 logback [localhost-startStop-1] INFO  o.s.b.w.s.ServletRegistrationBean - Servlet statViewServlet was not registered (possibly already registered?)
15:05:59.322 logback [localhost-startStop-1] INFO  o.s.b.w.s.FilterRegistrationBean - Mapping filter: 'characterEncodingFilter' to: [/*]
15:05:59.322 logback [localhost-startStop-1] INFO  o.s.b.w.s.FilterRegistrationBean - Mapping filter: 'hiddenHttpMethodFilter' to: [/*]
15:05:59.322 logback [localhost-startStop-1] INFO  o.s.b.w.s.FilterRegistrationBean - Mapping filter: 'httpPutFormContentFilter' to: [/*]
15:05:59.323 logback [localhost-startStop-1] INFO  o.s.b.w.s.FilterRegistrationBean - Mapping filter: 'requestContextFilter' to: [/*]
15:05:59.323 logback [localhost-startStop-1] INFO  o.s.b.w.s.FilterRegistrationBean - Mapping filter: 'webStatFilter' to urls: [/*]
15:05:59.323 logback [localhost-startStop-1] INFO  o.s.b.w.s.FilterRegistrationBean - Filter webStatFilter was not registered (possibly already registered?)
15:05:59.422 logback [main] INFO  c.a.d.s.b.a.DruidDataSourceAutoConfigure - Init DruidDataSource
15:05:59.955 logback [main] INFO  c.alibaba.druid.pool.DruidDataSource - {dataSource-1} inited
15:06:01.504 logback [main] INFO  o.s.w.s.m.m.a.RequestMappingHandlerMapping - Mapped "{[/app/fault/plan/list],methods=[POST]}" onto public com.company.project.core.Result com.company.project.module.app.web.AppFaultController.list(com.company.project.core.model.QueryRequest,javax.servlet.http.HttpSession)
15:06:01.506 logback [main] INFO  o.s.w.s.m.m.a.RequestMappingHandlerMapping - Mapped "{[/app/fault/plan/getPlanDetailByUuid],methods=[POST]}" onto public com.company.project.core.Result com.company.project.module.app.web.AppFaultController.getPlanDetailByUuid(com.company.project.core.model.QueryRequest,javax.servlet.http.HttpSession)
15:06:01.506 logback [main] INFO  o.s.w.s.m.m.a.RequestMappingHandlerMapping - Mapped "{[/app/fault/plan/uploadByPlan],methods=[POST]}" onto public com.company.project.core.Result com.company.project.module.app.web.AppFaultController.uploadByPlan(com.company.project.core.model.QueryRequest,javax.servlet.http.HttpSession)
15:06:01.507 logback [main] INFO  o.s.w.s.m.m.a.RequestMappingHandlerMapping - Mapped "{[/app/fault/plan/uploadByFault],methods=[POST]}" onto public com.company.project.core.Result com.company.project.module.app.web.AppFaultController.uploadByFault(com.company.project.core.model.QueryRequest,javax.servlet.http.HttpSession)
15:06:01.507 logback [main] INFO  o.s.w.s.m.m.a.RequestMappingHandlerMapping - Mapped "{[/app/fault/plan/receivePlanStatus],methods=[POST]}" onto public com.company.project.core.Result com.company.project.module.app.web.AppFaultController.receivePlan(com.company.project.core.model.QueryRequest,javax.servlet.http.HttpSession)
15:06:01.508 logback [main] INFO  o.s.w.s.m.m.a.RequestMappingHandlerMapping - Mapped "{[/app/fault/plan/oldUploadByPlan],methods=[POST]}" onto public com.company.project.core.Result com.company.project.module.app.web.AppFaultController.oldUploadByPlan(com.company.project.core.model.QueryRequest,javax.servlet.http.HttpSession)
15:06:01.509 logback [main] INFO  o.s.w.s.m.m.a.RequestMappingHandlerMapping - Mapped "{[/app/fault/plan/getXfPlan],methods=[POST]}" onto public com.company.project.core.Result com.company.project.module.app.web.AppFaultController.getXfPlan(com.company.project.core.model.QueryRequest,javax.servlet.http.HttpSession)
15:06:01.510 logback [main] INFO  o.s.w.s.m.m.a.RequestMappingHandlerMapping - Mapped "{[/app/fault/plan/oldUploadByFault],methods=[POST]}" onto public com.company.project.core.Result com.company.project.module.app.web.AppFaultController.oldUploadByFault(com.company.project.core.model.QueryRequest,javax.servlet.http.HttpSession)
15:06:01.513 logback [main] INFO  o.s.w.s.m.m.a.RequestMappingHandlerMapping - Mapped "{[/module/app/file/upload],methods=[POST]}" onto public com.company.project.core.Result com.company.project.module.app.web.AppFileController.Fileupload(org.springframework.web.multipart.MultipartFile,java.lang.String)
15:06:01.513 logback [main] INFO  o.s.w.s.m.m.a.RequestMappingHandlerMapping - Mapped "{[/module/app/file/downfile],methods=[GET]}" onto public void com.company.project.module.app.web.AppFileController.downFile(java.lang.String,javax.servlet.http.HttpServletRequest,javax.servlet.http.HttpServletResponse) throws java.io.UnsupportedEncodingException,java.net.MalformedURLException
15:06:01.514 logback [main] INFO  o.s.w.s.m.m.a.RequestMappingHandlerMapping - Mapped "{[/module/app/file/base64Upload],methods=[POST]}" onto public com.company.project.core.Result com.company.project.module.app.web.AppFileController.base64Upload(java.util.Map)
15:06:01.515 logback [main] INFO  o.s.w.s.m.m.a.RequestMappingHandlerMapping - Mapped "{[/app/info/getVersion],methods=[POST]}" onto public com.company.project.core.Result com.company.project.module.app.web.AppInfoController.getVersion(com.company.project.core.model.QueryRequest,javax.servlet.http.HttpSession)
15:06:01.516 logback [main] INFO  o.s.w.s.m.m.a.RequestMappingHandlerMapping - Mapped "{[/app/info/getBaseInfo],methods=[POST]}" onto public com.company.project.core.Result com.company.project.module.app.web.AppInfoController.getBaseInfo(com.company.project.core.model.QueryRequest)
15:06:01.516 logback [main] INFO  o.s.w.s.m.m.a.RequestMappingHandlerMapping - Mapped "{[/app/info/getDeviceInfo],methods=[POST]}" onto public com.company.project.core.Result com.company.project.module.app.web.AppInfoController.getDeviceInfo()
15:06:01.517 logback [main] INFO  o.s.w.s.m.m.a.RequestMappingHandlerMapping - Mapped "{[/app/info/dict],methods=[POST]}" onto public com.company.project.core.Result com.company.project.module.app.web.AppInfoController.getDict(com.company.project.core.model.QueryRequest)
15:06:01.520 logback [main] INFO  o.s.w.s.m.m.a.RequestMappingHandlerMapping - Mapped "{[/app/loginVerify],methods=[POST]}" onto public com.company.project.core.Result com.company.project.module.app.web.AppLoginController.isLogin(java.lang.String,java.lang.String,javax.servlet.http.HttpSession)
15:06:01.523 logback [main] INFO  o.s.w.s.m.m.a.RequestMappingHandlerMapping - Mapped "{[/app/changePassword],methods=[POST]}" onto public com.company.project.core.Result com.company.project.module.app.web.AppLoginController.changePassword(java.lang.String,java.lang.String,javax.servlet.http.HttpServletRequest)
15:06:01.524 logback [main] INFO  o.s.w.s.m.m.a.RequestMappingHandlerMapping - Mapped "{[/app/logout],methods=[POST]}" onto public com.company.project.core.Result com.company.project.module.app.web.AppLoginController.logout(javax.servlet.http.HttpSession)
15:06:01.528 logback [main] INFO  o.s.w.s.m.m.a.RequestMappingHandlerMapping - Mapped "{[/swagger-resources/configuration/ui]}" onto public org.springframework.http.ResponseEntity<springfox.documentation.swagger.web.UiConfiguration> springfox.documentation.swagger.web.ApiResourceController.uiConfiguration()
15:06:01.530 logback [main] INFO  o.s.w.s.m.m.a.RequestMappingHandlerMapping - Mapped "{[/swagger-resources]}" onto public org.springframework.http.ResponseEntity<java.util.List<springfox.documentation.swagger.web.SwaggerResource>> springfox.documentation.swagger.web.ApiResourceController.swaggerResources()
15:06:01.530 logback [main] INFO  o.s.w.s.m.m.a.RequestMappingHandlerMapping - Mapped "{[/swagger-resources/configuration/security]}" onto public org.springframework.http.ResponseEntity<springfox.documentation.swagger.web.SecurityConfiguration> springfox.documentation.swagger.web.ApiResourceController.securityConfiguration()
15:06:01.533 logback [main] INFO  o.s.w.s.m.m.a.RequestMappingHandlerMapping - Mapped "{[/error]}" onto public org.springframework.http.ResponseEntity<java.util.Map<java.lang.String, java.lang.Object>> org.springframework.boot.autoconfigure.web.BasicErrorController.error(javax.servlet.http.HttpServletRequest)
15:06:01.533 logback [main] INFO  o.s.w.s.m.m.a.RequestMappingHandlerMapping - Mapped "{[/error],produces=[text/html]}" onto public org.springframework.web.servlet.ModelAndView org.springframework.boot.autoconfigure.web.BasicErrorController.errorHtml(javax.servlet.http.HttpServletRequest,javax.servlet.http.HttpServletResponse)
15:06:01.785 logback [main] INFO  s.d.s.w.PropertySourcedRequestMappingHandlerMapping - Mapped URL path [/v2/api-docs] onto method [public org.springframework.http.ResponseEntity<springfox.documentation.spring.web.json.Json> springfox.documentation.swagger2.web.Swagger2Controller.getDocumentation(java.lang.String,javax.servlet.http.HttpServletRequest)]
15:06:02.140 logback [main] INFO  o.s.w.s.m.m.a.RequestMappingHandlerAdapter - Looking for @ControllerAdvice: org.springframework.boot.context.embedded.AnnotationConfigEmbeddedWebApplicationContext@222eb8aa: startup date [Wed Jan 15 15:05:56 CST 2020]; root of context hierarchy
15:06:02.203 logback [main] INFO  o.s.w.s.h.SimpleUrlHandlerMapping - Mapped URL path [/static/**] onto handler of type [class org.springframework.web.servlet.resource.ResourceHttpRequestHandler]
15:06:02.204 logback [main] INFO  o.s.w.s.h.SimpleUrlHandlerMapping - Mapped URL path [/swagger-ui.html] onto handler of type [class org.springframework.web.servlet.resource.ResourceHttpRequestHandler]
15:06:02.204 logback [main] INFO  o.s.w.s.h.SimpleUrlHandlerMapping - Mapped URL path [/webjars/**] onto handler of type [class org.springframework.web.servlet.resource.ResourceHttpRequestHandler]
15:06:02.245 logback [main] INFO  o.s.w.s.h.SimpleUrlHandlerMapping - Mapped URL path [/**/favicon.ico] onto handler of type [class org.springframework.web.servlet.resource.ResourceHttpRequestHandler]
15:06:03.110 logback [main] INFO  o.s.j.e.a.AnnotationMBeanExporter - Registering beans for JMX exposure on startup
15:06:03.111 logback [main] INFO  o.s.j.e.a.AnnotationMBeanExporter - Bean with name 'statFilter' has been autodetected for JMX exposure
15:06:03.112 logback [main] INFO  o.s.j.e.a.AnnotationMBeanExporter - Bean with name 'dataSource' has been autodetected for JMX exposure
15:06:03.118 logback [main] INFO  o.s.j.e.a.AnnotationMBeanExporter - Located MBean 'dataSource': registering with JMX server as MBean [com.alibaba.druid.spring.boot.autoconfigure:name=dataSource,type=DruidDataSourceWrapper]
15:06:03.118 logback [main] INFO  o.s.j.e.a.AnnotationMBeanExporter - Located MBean 'statFilter': registering with JMX server as MBean [com.alibaba.druid.filter.stat:name=statFilter,type=StatFilter]
15:06:03.121 logback [main] INFO  o.s.c.s.DefaultLifecycleProcessor - Starting beans in phase 2147483647
15:06:03.121 logback [main] INFO  s.d.s.w.p.DocumentationPluginsBootstrapper - Context refreshed
15:06:03.144 logback [main] INFO  s.d.s.w.p.DocumentationPluginsBootstrapper - Found 1 custom documentation plugin(s)
15:06:03.183 logback [main] INFO  s.d.s.w.s.ApiListingReferenceScanner - Scanning for api listing references
15:06:03.432 logback [main] INFO  o.a.coyote.http11.Http11NioProtocol - Starting ProtocolHandler ["http-nio-9090"]
15:06:03.444 logback [main] INFO  o.a.tomcat.util.net.NioSelectorPool - Using a shared selector for servlet write/read
15:06:03.460 logback [main] INFO  o.s.b.c.e.t.TomcatEmbeddedServletContainer - Tomcat started on port(s): 9090 (http)
15:06:03.465 logback [main] INFO  c.c.project.TunnelAppApplication - Started TunnelAppApplication in 7.557 seconds (JVM running for 9.215)
15:07:12.496 logback [http-nio-9090-exec-1] INFO  o.a.c.c.C.[.[.[/tunnel_app] - Initializing Spring FrameworkServlet 'dispatcherServlet'
15:07:12.497 logback [http-nio-9090-exec-1] INFO  o.s.web.servlet.DispatcherServlet - FrameworkServlet 'dispatcherServlet': initialization started
15:07:12.526 logback [http-nio-9090-exec-1] INFO  o.s.web.servlet.DispatcherServlet - FrameworkServlet 'dispatcherServlet': initialization completed in 29 ms
16:25:12.853 logback [Thread-18] INFO  o.s.b.c.e.AnnotationConfigEmbeddedWebApplicationContext - Closing org.springframework.boot.context.embedded.AnnotationConfigEmbeddedWebApplicationContext@222eb8aa: startup date [Wed Jan 15 15:05:56 CST 2020]; root of context hierarchy
16:25:12.888 logback [Thread-18] INFO  o.s.c.s.DefaultLifecycleProcessor - Stopping beans in phase 2147483647
16:25:12.898 logback [Thread-18] INFO  o.s.j.e.a.AnnotationMBeanExporter - Unregistering JMX-exposed beans on shutdown
16:25:12.899 logback [Thread-18] INFO  o.s.j.e.a.AnnotationMBeanExporter - Unregistering JMX-exposed beans
16:25:12.908 logback [Thread-18] INFO  c.alibaba.druid.pool.DruidDataSource - {dataSource-1} closed
